{"meta": {"format": 3, "version": "7.13.2", "timestamp": "2026-01-27T18:34:36.883717", "branch_coverage": false, "show_contexts": false}, "files": {"src/safety/__init__.py": {"executed_lines": [43, 50, 51, 52, 53, 54, 57, 58, 61, 72, 78, 118], "summary": {"covered_lines": 12, "num_statements": 12, "percent_covered": 100.0, "percent_covered_display": "100", "missing_lines": 0, "excluded_lines": 1, "percent_statements_covered": 100.0, "percent_statements_covered_display": "100"}, "missing_lines": [], "excluded_lines": [1], "functions": {"": {"executed_lines": [43, 50, 51, 52, 53, 54, 57, 58, 61, 72, 78, 118], "summary": {"covered_lines": 12, "num_statements": 12, "percent_covered": 100.0, "percent_covered_display": "100", "missing_lines": 0, "excluded_lines": 1, "percent_statements_covered": 100.0, "percent_statements_covered_display": "100"}, "missing_lines": [], "excluded_lines": [1], "start_line": 1}}, "classes": {"": {"executed_lines": [43, 50, 51, 52, 53, 54, 57, 58, 61, 72, 78, 118], "summary": {"covered_lines": 12, "num_statements": 12, "percent_covered": 100.0, "percent_covered_display": "100", "missing_lines": 0, "excluded_lines": 1, "percent_statements_covered": 100.0, "percent_statements_covered_display": "100"}, "missing_lines": [], "excluded_lines": [1], "start_line": 1}}}, "src/safety/base.py": {"executed_lines": [7, 8, 16, 54, 60, 61, 63, 80, 82, 84, 90, 92, 122, 123, 130, 131, 132, 135, 136, 139, 140, 141, 142, 145, 146, 147, 150, 151, 152, 155, 158, 159, 161, 168, 204, 211, 228, 229, 236, 237, 238, 240, 241, 244, 245, 246, 247, 250, 251, 252, 254, 258, 261, 262, 264, 271, 288], "summary": {"covered_lines": 57, "num_statements": 59, "percent_covered": 96.61016949152543, "percent_covered_display": "97", "missing_lines": 2, "excluded_lines": 1, "percent_statements_covered": 96.61016949152543, "percent_statements_covered_display": "97"}, "missing_lines": [255, 256], "excluded_lines": [17], "functions": {"BaseSafetyPolicy.__init__": {"executed_lines": [60, 61], "summary": {"covered_lines": 2, "num_statements": 2, "percent_covered": 100.0, "percent_covered_display": "100", "missing_lines": 0, "excluded_lines": 0, "percent_statements_covered": 100.0, "percent_statements_covered_display": "100"}, "missing_lines": [], "excluded_lines": [], "start_line": 54}, "BaseSafetyPolicy.add_child_policy": {"executed_lines": [80, 82], "summary": {"covered_lines": 2, "num_statements": 2, "percent_covered": 100.0, "percent_covered_display": "100", "missing_lines": 0, "excluded_lines": 0, "percent_statements_covered": 100.0, "percent_statements_covered_display": "100"}, "missing_lines": [], "excluded_lines": [], "start_line": 63}, "BaseSafetyPolicy.get_child_policies": {"executed_lines": [90], "summary": {"covered_lines": 1, "num_statements": 1, "percent_covered": 100.0, "percent_covered_display": "100", "missing_lines": 0, "excluded_lines": 0, "percent_statements_covered": 100.0, "percent_statements_covered_display": "100"}, "missing_lines": [], "excluded_lines": [], "start_line": 84}, "BaseSafetyPolicy.validate": {"executed_lines": [122, 123, 130, 131, 132, 135, 136, 139, 140, 141, 142, 145, 146, 147, 150, 151, 152, 155, 158, 159, 161], "summary": {"covered_lines": 21, "num_statements": 21, "percent_covered": 100.0, "percent_covered_display": "100", "missing_lines": 0, "excluded_lines": 0, "percent_statements_covered": 100.0, "percent_statements_covered_display": "100"}, "missing_lines": [], "excluded_lines": [], "start_line": 92}, "BaseSafetyPolicy._validate_impl": {"executed_lines": [204], "summary": {"covered_lines": 1, "num_statements": 1, "percent_covered": 100.0, "percent_covered_display": "100", "missing_lines": 0, "excluded_lines": 0, "percent_statements_covered": 100.0, "percent_statements_covered_display": "100"}, "missing_lines": [], "excluded_lines": [], "start_line": 168}, "BaseSafetyPolicy.validate_async": {"executed_lines": [228, 229, 236, 237, 238, 240, 241, 244, 245, 246, 247, 250, 251, 252, 254, 258, 261, 262, 264], "summary": {"covered_lines": 19, "num_statements": 21, "percent_covered": 90.47619047619048, "percent_covered_display": "90", "missing_lines": 2, "excluded_lines": 0, "percent_statements_covered": 90.47619047619048, "percent_statements_covered_display": "90"}, "missing_lines": [255, 256], "excluded_lines": [], "start_line": 211}, "BaseSafetyPolicy._validate_async_impl": {"executed_lines": [288], "summary": {"covered_lines": 1, "num_statements": 1, "percent_covered": 100.0, "percent_covered_display": "100", "missing_lines": 0, "excluded_lines": 0, "percent_statements_covered": 100.0, "percent_statements_covered_display": "100"}, "missing_lines": [], "excluded_lines": [], "start_line": 271}, "": {"executed_lines": [7, 8, 16, 54, 63, 84, 92, 168, 211, 271], "summary": {"covered_lines": 10, "num_statements": 10, "percent_covered": 100.0, "percent_covered_display": "100", "missing_lines": 0, "excluded_lines": 1, "percent_statements_covered": 100.0, "percent_statements_covered_display": "100"}, "missing_lines": [], "excluded_lines": [17], "start_line": 1}}, "classes": {"BaseSafetyPolicy": {"executed_lines": [60, 61, 80, 82, 90, 122, 123, 130, 131, 132, 135, 136, 139, 140, 141, 142, 145, 146, 147, 150, 151, 152, 155, 158, 159, 161, 204, 228, 229, 236, 237, 238, 240, 241, 244, 245, 246, 247, 250, 251, 252, 254, 258, 261, 262, 264, 288], "summary": {"covered_lines": 47, "num_statements": 49, "percent_covered": 95.91836734693878, "percent_covered_display": "96", "missing_lines": 2, "excluded_lines": 0, "percent_statements_covered": 95.91836734693878, "percent_statements_covered_display": "96"}, "missing_lines": [255, 256], "excluded_lines": [], "start_line": 16}, "": {"executed_lines": [7, 8, 16, 54, 63, 84, 92, 168, 211, 271], "summary": {"covered_lines": 10, "num_statements": 10, "percent_covered": 100.0, "percent_covered_display": "100", "missing_lines": 0, "excluded_lines": 1, "percent_statements_covered": 100.0, "percent_statements_covered_display": "100"}, "missing_lines": [], "excluded_lines": [17], "start_line": 1}}}, "src/safety/blast_radius.py": {"executed_lines": [13, 14, 15, 18, 43, 44, 45, 46, 47, 49, 65, 66, 70, 71, 75, 76, 83], "summary": {"covered_lines": 17, "num_statements": 49, "percent_covered": 34.69387755102041, "percent_covered_display": "35", "missing_lines": 32, "excluded_lines": 0, "percent_statements_covered": 34.69387755102041, "percent_statements_covered_display": "35"}, "missing_lines": [55, 58, 59, 60, 61, 62, 63, 68, 73, 81, 103, 106, 107, 108, 118, 119, 120, 121, 122, 132, 133, 134, 144, 145, 146, 156, 157, 158, 159, 160, 170, 175], "excluded_lines": [], "functions": {"BlastRadiusPolicy.__init__": {"executed_lines": [], "summary": {"covered_lines": 0, "num_statements": 7, "percent_covered": 0.0, "percent_covered_display": "0", "missing_lines": 7, "excluded_lines": 0, "percent_statements_covered": 0.0, "percent_statements_covered_display": "0"}, "missing_lines": [55, 58, 59, 60, 61, 62, 63], "excluded_lines": [], "start_line": 49}, "BlastRadiusPolicy.name": {"executed_lines": [], "summary": {"covered_lines": 0, "num_statements": 1, "percent_covered": 0.0, "percent_covered_display": "0", "missing_lines": 1, "excluded_lines": 0, "percent_statements_covered": 0.0, "percent_statements_covered_display": "0"}, "missing_lines": [68], "excluded_lines": [], "start_line": 66}, "BlastRadiusPolicy.version": {"executed_lines": [], "summary": {"covered_lines": 0, "num_statements": 1, "percent_covered": 0.0, "percent_covered_display": "0", "missing_lines": 1, "excluded_lines": 0, "percent_statements_covered": 0.0, "percent_statements_covered_display": "0"}, "missing_lines": [73], "excluded_lines": [], "start_line": 71}, "BlastRadiusPolicy.priority": {"executed_lines": [], "summary": {"covered_lines": 0, "num_statements": 1, "percent_covered": 0.0, "percent_covered_display": "0", "missing_lines": 1, "excluded_lines": 0, "percent_statements_covered": 0.0, "percent_statements_covered_display": "0"}, "missing_lines": [81], "excluded_lines": [], "start_line": 76}, "BlastRadiusPolicy._validate_impl": {"executed_lines": [], "summary": {"covered_lines": 0, "num_statements": 22, "percent_covered": 0.0, "percent_covered_display": "0", "missing_lines": 22, "excluded_lines": 0, "percent_statements_covered": 0.0, "percent_statements_covered_display": "0"}, "missing_lines": [103, 106, 107, 108, 118, 119, 120, 121, 122, 132, 133, 134, 144, 145, 146, 156, 157, 158, 159, 160, 170, 175], "excluded_lines": [], "start_line": 83}, "": {"executed_lines": [13, 14, 15, 18, 43, 44, 45, 46, 47, 49, 65, 66, 70, 71, 75, 76, 83], "summary": {"covered_lines": 17, "num_statements": 17, "percent_covered": 100.0, "percent_covered_display": "100", "missing_lines": 0, "excluded_lines": 0, "percent_statements_covered": 100.0, "percent_statements_covered_display": "100"}, "missing_lines": [], "excluded_lines": [], "start_line": 1}}, "classes": {"BlastRadiusPolicy": {"executed_lines": [], "summary": {"covered_lines": 0, "num_statements": 32, "percent_covered": 0.0, "percent_covered_display": "0", "missing_lines": 32, "excluded_lines": 0, "percent_statements_covered": 0.0, "percent_statements_covered_display": "0"}, "missing_lines": [55, 58, 59, 60, 61, 62, 63, 68, 73, 81, 103, 106, 107, 108, 118, 119, 120, 121, 122, 132, 133, 134, 144, 145, 146, 156, 157, 158, 159, 160, 170, 175], "excluded_lines": [], "start_line": 18}, "": {"executed_lines": [13, 14, 15, 18, 43, 44, 45, 46, 47, 49, 65, 66, 70, 71, 75, 76, 83], "summary": {"covered_lines": 17, "num_statements": 17, "percent_covered": 100.0, "percent_covered_display": "100", "missing_lines": 0, "excluded_lines": 0, "percent_statements_covered": 100.0, "percent_statements_covered_display": "100"}, "missing_lines": [], "excluded_lines": [], "start_line": 1}}}, "src/safety/composition.py": {"executed_lines": [], "summary": {"covered_lines": 0, "num_statements": 114, "percent_covered": 0.0, "percent_covered_display": "0", "missing_lines": 114, "excluded_lines": 0, "percent_statements_covered": 0.0, "percent_statements_covered_display": "0"}, "missing_lines": [14, 15, 17, 25, 26, 38, 39, 40, 41, 42, 43, 44, 46, 48, 50, 52, 54, 56, 58, 60, 62, 64, 76, 98, 111, 112, 113, 115, 116, 117, 119, 131, 132, 137, 138, 140, 149, 150, 151, 153, 162, 163, 164, 165, 167, 173, 175, 177, 179, 204, 205, 206, 207, 208, 210, 211, 214, 215, 216, 219, 220, 221, 222, 225, 226, 229, 230, 231, 233, 235, 244, 247, 253, 254, 257, 258, 261, 263, 276, 296, 297, 298, 299, 300, 302, 303, 306, 307, 308, 311, 312, 313, 314, 317, 318, 321, 322, 323, 325, 327, 336, 339, 345, 346, 349, 350, 353, 355, 368, 370, 372, 374, 376, 378], "excluded_lines": [], "functions": {"CompositeValidationResult.has_critical_violations": {"executed_lines": [], "summary": {"covered_lines": 0, "num_statements": 1, "percent_covered": 0.0, "percent_covered_display": "0", "missing_lines": 1, "excluded_lines": 0, "percent_statements_covered": 0.0, "percent_statements_covered_display": "0"}, "missing_lines": [48], "excluded_lines": [], "start_line": 46}, "CompositeValidationResult.has_blocking_violations": {"executed_lines": [], "summary": {"covered_lines": 0, "num_statements": 1, "percent_covered": 0.0, "percent_covered_display": "0", "missing_lines": 1, "excluded_lines": 0, "percent_statements_covered": 0.0, "percent_statements_covered_display": "0"}, "missing_lines": [52], "excluded_lines": [], "start_line": 50}, "CompositeValidationResult.get_violations_by_severity": {"executed_lines": [], "summary": {"covered_lines": 0, "num_statements": 1, "percent_covered": 0.0, "percent_covered_display": "0", "missing_lines": 1, "excluded_lines": 0, "percent_statements_covered": 0.0, "percent_statements_covered_display": "0"}, "missing_lines": [56], "excluded_lines": [], "start_line": 54}, "CompositeValidationResult.get_violations_by_policy": {"executed_lines": [], "summary": {"covered_lines": 0, "num_statements": 1, "percent_covered": 0.0, "percent_covered_display": "0", "missing_lines": 1, "excluded_lines": 0, "percent_statements_covered": 0.0, "percent_statements_covered_display": "0"}, "missing_lines": [60], "excluded_lines": [], "start_line": 58}, "CompositeValidationResult.to_dict": {"executed_lines": [], "summary": {"covered_lines": 0, "num_statements": 1, "percent_covered": 0.0, "percent_covered_display": "0", "missing_lines": 1, "excluded_lines": 0, "percent_statements_covered": 0.0, "percent_statements_covered_display": "0"}, "missing_lines": [64], "excluded_lines": [], "start_line": 62}, "PolicyComposer.__init__": {"executed_lines": [], "summary": {"covered_lines": 0, "num_statements": 6, "percent_covered": 0.0, "percent_covered_display": "0", "missing_lines": 6, "excluded_lines": 0, "percent_statements_covered": 0.0, "percent_statements_covered_display": "0"}, "missing_lines": [111, 112, 113, 115, 116, 117], "excluded_lines": [], "start_line": 98}, "PolicyComposer.add_policy": {"executed_lines": [], "summary": {"covered_lines": 0, "num_statements": 4, "percent_covered": 0.0, "percent_covered_display": "0", "missing_lines": 4, "excluded_lines": 0, "percent_statements_covered": 0.0, "percent_statements_covered_display": "0"}, "missing_lines": [131, 132, 137, 138], "excluded_lines": [], "start_line": 119}, "PolicyComposer.remove_policy": {"executed_lines": [], "summary": {"covered_lines": 0, "num_statements": 3, "percent_covered": 0.0, "percent_covered_display": "0", "missing_lines": 3, "excluded_lines": 0, "percent_statements_covered": 0.0, "percent_statements_covered_display": "0"}, "missing_lines": [149, 150, 151], "excluded_lines": [], "start_line": 140}, "PolicyComposer.get_policy": {"executed_lines": [], "summary": {"covered_lines": 0, "num_statements": 4, "percent_covered": 0.0, "percent_covered_display": "0", "missing_lines": 4, "excluded_lines": 0, "percent_statements_covered": 0.0, "percent_statements_covered_display": "0"}, "missing_lines": [162, 163, 164, 165], "excluded_lines": [], "start_line": 153}, "PolicyComposer.list_policies": {"executed_lines": [], "summary": {"covered_lines": 0, "num_statements": 1, "percent_covered": 0.0, "percent_covered_display": "0", "missing_lines": 1, "excluded_lines": 0, "percent_statements_covered": 0.0, "percent_statements_covered_display": "0"}, "missing_lines": [173], "excluded_lines": [], "start_line": 167}, "PolicyComposer._sort_policies": {"executed_lines": [], "summary": {"covered_lines": 0, "num_statements": 1, "percent_covered": 0.0, "percent_covered_display": "0", "missing_lines": 1, "excluded_lines": 0, "percent_statements_covered": 0.0, "percent_statements_covered_display": "0"}, "missing_lines": [177], "excluded_lines": [], "start_line": 175}, "PolicyComposer.validate": {"executed_lines": [], "summary": {"covered_lines": 0, "num_statements": 29, "percent_covered": 0.0, "percent_covered_display": "0", "missing_lines": 29, "excluded_lines": 0, "percent_statements_covered": 0.0, "percent_statements_covered_display": "0"}, "missing_lines": [204, 205, 206, 207, 208, 210, 211, 214, 215, 216, 219, 220, 221, 222, 225, 226, 229, 230, 231, 233, 235, 244, 247, 253, 254, 257, 258, 261, 263], "excluded_lines": [], "start_line": 179}, "PolicyComposer.validate_async": {"executed_lines": [], "summary": {"covered_lines": 0, "num_statements": 29, "percent_covered": 0.0, "percent_covered_display": "0", "missing_lines": 29, "excluded_lines": 0, "percent_statements_covered": 0.0, "percent_statements_covered_display": "0"}, "missing_lines": [296, 297, 298, 299, 300, 302, 303, 306, 307, 308, 311, 312, 313, 314, 317, 318, 321, 322, 323, 325, 327, 336, 339, 345, 346, 349, 350, 353, 355], "excluded_lines": [], "start_line": 276}, "PolicyComposer.clear_policies": {"executed_lines": [], "summary": {"covered_lines": 0, "num_statements": 1, "percent_covered": 0.0, "percent_covered_display": "0", "missing_lines": 1, "excluded_lines": 0, "percent_statements_covered": 0.0, "percent_statements_covered_display": "0"}, "missing_lines": [370], "excluded_lines": [], "start_line": 368}, "PolicyComposer.policy_count": {"executed_lines": [], "summary": {"covered_lines": 0, "num_statements": 1, "percent_covered": 0.0, "percent_covered_display": "0", "missing_lines": 1, "excluded_lines": 0, "percent_statements_covered": 0.0, "percent_statements_covered_display": "0"}, "missing_lines": [374], "excluded_lines": [], "start_line": 372}, "PolicyComposer.__repr__": {"executed_lines": [], "summary": {"covered_lines": 0, "num_statements": 1, "percent_covered": 0.0, "percent_covered_display": "0", "missing_lines": 1, "excluded_lines": 0, "percent_statements_covered": 0.0, "percent_statements_covered_display": "0"}, "missing_lines": [378], "excluded_lines": [], "start_line": 376}, "": {"executed_lines": [], "summary": {"covered_lines": 0, "num_statements": 29, "percent_covered": 0.0, "percent_covered_display": "0", "missing_lines": 29, "excluded_lines": 0, "percent_statements_covered": 0.0, "percent_statements_covered_display": "0"}, "missing_lines": [14, 15, 17, 25, 26, 38, 39, 40, 41, 42, 43, 44, 46, 50, 54, 58, 62, 76, 98, 119, 140, 153, 167, 175, 179, 276, 368, 372, 376], "excluded_lines": [], "start_line": 1}}, "classes": {"CompositeValidationResult": {"executed_lines": [], "summary": {"covered_lines": 0, "num_statements": 5, "percent_covered": 0.0, "percent_covered_display": "0", "missing_lines": 5, "excluded_lines": 0, "percent_statements_covered": 0.0, "percent_statements_covered_display": "0"}, "missing_lines": [48, 52, 56, 60, 64], "excluded_lines": [], "start_line": 26}, "PolicyComposer": {"executed_lines": [], "summary": {"covered_lines": 0, "num_statements": 80, "percent_covered": 0.0, "percent_covered_display": "0", "missing_lines": 80, "excluded_lines": 0, "percent_statements_covered": 0.0, "percent_statements_covered_display": "0"}, "missing_lines": [111, 112, 113, 115, 116, 117, 131, 132, 137, 138, 149, 150, 151, 162, 163, 164, 165, 173, 177, 204, 205, 206, 207, 208, 210, 211, 214, 215, 216, 219, 220, 221, 222, 225, 226, 229, 230, 231, 233, 235, 244, 247, 253, 254, 257, 258, 261, 263, 296, 297, 298, 299, 300, 302, 303, 306, 307, 308, 311, 312, 313, 314, 317, 318, 321, 322, 323, 325, 327, 336, 339, 345, 346, 349, 350, 353, 355, 370, 374, 378], "excluded_lines": [], "start_line": 76}, "": {"executed_lines": [], "summary": {"covered_lines": 0, "num_statements": 29, "percent_covered": 0.0, "percent_covered_display": "0", "missing_lines": 29, "excluded_lines": 0, "percent_statements_covered": 0.0, "percent_statements_covered_display": "0"}, "missing_lines": [14, 15, 17, 25, 26, 38, 39, 40, 41, 42, 43, 44, 46, 50, 54, 58, 62, 76, 98, 119, 140, 153, 167, 175, 179, 276, 368, 372, 376], "excluded_lines": [], "start_line": 1}}}, "src/safety/exceptions.py": {"executed_lines": [22, 23, 26, 54, 75, 76, 85, 86, 87, 88, 89, 90, 91, 93, 95, 96, 97, 98, 100, 102, 109, 120, 122, 123, 137, 148, 165, 184, 195, 213, 232, 243, 260, 279, 290, 307, 326, 337, 355, 374, 385, 402, 421], "summary": {"covered_lines": 43, "num_statements": 43, "percent_covered": 100.0, "percent_covered_display": "100", "missing_lines": 0, "excluded_lines": 0, "percent_statements_covered": 100.0, "percent_statements_covered_display": "100"}, "missing_lines": [], "excluded_lines": [], "functions": {"SafetyViolationException.__init__": {"executed_lines": [75, 76, 85, 86, 87, 88, 89, 90, 91], "summary": {"covered_lines": 9, "num_statements": 9, "percent_covered": 100.0, "percent_covered_display": "100", "missing_lines": 0, "excluded_lines": 0, "percent_statements_covered": 100.0, "percent_statements_covered_display": "100"}, "missing_lines": [], "excluded_lines": [], "start_line": 54}, "SafetyViolationException.__str__": {"executed_lines": [95, 96, 97, 98], "summary": {"covered_lines": 4, "num_statements": 4, "percent_covered": 100.0, "percent_covered_display": "100", "missing_lines": 0, "excluded_lines": 0, "percent_statements_covered": 100.0, "percent_statements_covered_display": "100"}, "missing_lines": [], "excluded_lines": [], "start_line": 93}, "SafetyViolationException.__repr__": {"executed_lines": [102], "summary": {"covered_lines": 1, "num_statements": 1, "percent_covered": 100.0, "percent_covered_display": "100", "missing_lines": 0, "excluded_lines": 0, "percent_statements_covered": 100.0, "percent_statements_covered_display": "100"}, "missing_lines": [], "excluded_lines": [], "start_line": 100}, "SafetyViolationException.to_dict": {"executed_lines": [120], "summary": {"covered_lines": 1, "num_statements": 1, "percent_covered": 100.0, "percent_covered_display": "100", "missing_lines": 0, "excluded_lines": 0, "percent_statements_covered": 100.0, "percent_statements_covered_display": "100"}, "missing_lines": [], "excluded_lines": [], "start_line": 109}, "SafetyViolationException.from_violation": {"executed_lines": [137], "summary": {"covered_lines": 1, "num_statements": 1, "percent_covered": 100.0, "percent_covered_display": "100", "missing_lines": 0, "excluded_lines": 0, "percent_statements_covered": 100.0, "percent_statements_covered_display": "100"}, "missing_lines": [], "excluded_lines": [], "start_line": 123}, "BlastRadiusViolation.__init__": {"executed_lines": [184], "summary": {"covered_lines": 1, "num_statements": 1, "percent_covered": 100.0, "percent_covered_display": "100", "missing_lines": 0, "excluded_lines": 0, "percent_statements_covered": 100.0, "percent_statements_covered_display": "100"}, "missing_lines": [], "excluded_lines": [], "start_line": 165}, "ActionPolicyViolation.__init__": {"executed_lines": [232], "summary": {"covered_lines": 1, "num_statements": 1, "percent_covered": 100.0, "percent_covered_display": "100", "missing_lines": 0, "excluded_lines": 0, "percent_statements_covered": 100.0, "percent_statements_covered_display": "100"}, "missing_lines": [], "excluded_lines": [], "start_line": 213}, "RateLimitViolation.__init__": {"executed_lines": [279], "summary": {"covered_lines": 1, "num_statements": 1, "percent_covered": 100.0, "percent_covered_display": "100", "missing_lines": 0, "excluded_lines": 0, "percent_statements_covered": 100.0, "percent_statements_covered_display": "100"}, "missing_lines": [], "excluded_lines": [], "start_line": 260}, "ResourceLimitViolation.__init__": {"executed_lines": [326], "summary": {"covered_lines": 1, "num_statements": 1, "percent_covered": 100.0, "percent_covered_display": "100", "missing_lines": 0, "excluded_lines": 0, "percent_statements_covered": 100.0, "percent_statements_covered_display": "100"}, "missing_lines": [], "excluded_lines": [], "start_line": 307}, "ForbiddenOperationViolation.__init__": {"executed_lines": [374], "summary": {"covered_lines": 1, "num_statements": 1, "percent_covered": 100.0, "percent_covered_display": "100", "missing_lines": 0, "excluded_lines": 0, "percent_statements_covered": 100.0, "percent_statements_covered_display": "100"}, "missing_lines": [], "excluded_lines": [], "start_line": 355}, "AccessDeniedViolation.__init__": {"executed_lines": [421], "summary": {"covered_lines": 1, "num_statements": 1, "percent_covered": 100.0, "percent_covered_display": "100", "missing_lines": 0, "excluded_lines": 0, "percent_statements_covered": 100.0, "percent_statements_covered_display": "100"}, "missing_lines": [], "excluded_lines": [], "start_line": 402}, "": {"executed_lines": [22, 23, 26, 54, 93, 100, 109, 122, 123, 148, 165, 195, 213, 243, 260, 290, 307, 337, 355, 385, 402], "summary": {"covered_lines": 21, "num_statements": 21, "percent_covered": 100.0, "percent_covered_display": "100", "missing_lines": 0, "excluded_lines": 0, "percent_statements_covered": 100.0, "percent_statements_covered_display": "100"}, "missing_lines": [], "excluded_lines": [], "start_line": 1}}, "classes": {"SafetyViolationException": {"executed_lines": [75, 76, 85, 86, 87, 88, 89, 90, 91, 95, 96, 97, 98, 102, 120, 137], "summary": {"covered_lines": 16, "num_statements": 16, "percent_covered": 100.0, "percent_covered_display": "100", "missing_lines": 0, "excluded_lines": 0, "percent_statements_covered": 100.0, "percent_statements_covered_display": "100"}, "missing_lines": [], "excluded_lines": [], "start_line": 26}, "BlastRadiusViolation": {"executed_lines": [184], "summary": {"covered_lines": 1, "num_statements": 1, "percent_covered": 100.0, "percent_covered_display": "100", "missing_lines": 0, "excluded_lines": 0, "percent_statements_covered": 100.0, "percent_statements_covered_display": "100"}, "missing_lines": [], "excluded_lines": [], "start_line": 148}, "ActionPolicyViolation": {"executed_lines": [232], "summary": {"covered_lines": 1, "num_statements": 1, "percent_covered": 100.0, "percent_covered_display": "100", "missing_lines": 0, "excluded_lines": 0, "percent_statements_covered": 100.0, "percent_statements_covered_display": "100"}, "missing_lines": [], "excluded_lines": [], "start_line": 195}, "RateLimitViolation": {"executed_lines": [279], "summary": {"covered_lines": 1, "num_statements": 1, "percent_covered": 100.0, "percent_covered_display": "100", "missing_lines": 0, "excluded_lines": 0, "percent_statements_covered": 100.0, "percent_statements_covered_display": "100"}, "missing_lines": [], "excluded_lines": [], "start_line": 243}, "ResourceLimitViolation": {"executed_lines": [326], "summary": {"covered_lines": 1, "num_statements": 1, "percent_covered": 100.0, "percent_covered_display": "100", "missing_lines": 0, "excluded_lines": 0, "percent_statements_covered": 100.0, "percent_statements_covered_display": "100"}, "missing_lines": [], "excluded_lines": [], "start_line": 290}, "ForbiddenOperationViolation": {"executed_lines": [374], "summary": {"covered_lines": 1, "num_statements": 1, "percent_covered": 100.0, "percent_covered_display": "100", "missing_lines": 0, "excluded_lines": 0, "percent_statements_covered": 100.0, "percent_statements_covered_display": "100"}, "missing_lines": [], "excluded_lines": [], "start_line": 337}, "AccessDeniedViolation": {"executed_lines": [421], "summary": {"covered_lines": 1, "num_statements": 1, "percent_covered": 100.0, "percent_covered_display": "100", "missing_lines": 0, "excluded_lines": 0, "percent_statements_covered": 100.0, "percent_statements_covered_display": "100"}, "missing_lines": [], "excluded_lines": [], "start_line": 385}, "": {"executed_lines": [22, 23, 26, 54, 93, 100, 109, 122, 123, 148, 165, 195, 213, 243, 260, 290, 307, 337, 355, 385, 402], "summary": {"covered_lines": 21, "num_statements": 21, "percent_covered": 100.0, "percent_covered_display": "100", "missing_lines": 0, "excluded_lines": 0, "percent_statements_covered": 100.0, "percent_statements_covered_display": "100"}, "missing_lines": [], "excluded_lines": [], "start_line": 1}}}, "src/safety/file_access.py": {"executed_lines": [12, 13, 14, 15, 16, 17, 20, 74, 88, 101, 110, 116, 119, 120, 123, 124, 125, 126, 129, 133, 137, 142, 144, 145, 147, 149, 150, 152, 154, 155, 160, 162, 179, 182, 184, 186, 189, 190, 199, 202, 203, 212, 215, 216, 225, 228, 229, 238, 241, 242, 243, 252, 255, 256, 257, 267, 268, 279, 284, 291, 300, 303, 304, 307, 308, 311, 312, 313, 314, 316, 318, 328, 329, 331, 334, 335, 337, 342, 352, 354, 356, 358, 367, 369, 370, 373, 374, 376, 378, 387, 389, 390, 393, 395, 397, 399, 401, 410, 411, 413, 422, 425, 426, 427, 429, 431, 440, 441, 443, 444, 445, 447, 449, 466, 467, 468, 471, 472, 475, 476, 482, 483, 484, 485, 486, 487, 489, 490], "summary": {"covered_lines": 128, "num_statements": 133, "percent_covered": 96.2406015037594, "percent_covered_display": "96", "missing_lines": 5, "excluded_lines": 0, "percent_statements_covered": 96.2406015037594, "percent_statements_covered_display": "96"}, "missing_lines": [338, 340, 423, 491, 493], "excluded_lines": [], "functions": {"FileAccessPolicy.__init__": {"executed_lines": [116, 119, 120, 123, 124, 125, 126, 129, 133, 137, 142], "summary": {"covered_lines": 11, "num_statements": 11, "percent_covered": 100.0, "percent_covered_display": "100", "missing_lines": 0, "excluded_lines": 0, "percent_statements_covered": 100.0, "percent_statements_covered_display": "100"}, "missing_lines": [], "excluded_lines": [], "start_line": 110}, "FileAccessPolicy.name": {"executed_lines": [147], "summary": {"covered_lines": 1, "num_statements": 1, "percent_covered": 100.0, "percent_covered_display": "100", "missing_lines": 0, "excluded_lines": 0, "percent_statements_covered": 100.0, "percent_statements_covered_display": "100"}, "missing_lines": [], "excluded_lines": [], "start_line": 145}, "FileAccessPolicy.version": {"executed_lines": [152], "summary": {"covered_lines": 1, "num_statements": 1, "percent_covered": 100.0, "percent_covered_display": "100", "missing_lines": 0, "excluded_lines": 0, "percent_statements_covered": 100.0, "percent_statements_covered_display": "100"}, "missing_lines": [], "excluded_lines": [], "start_line": 150}, "FileAccessPolicy.priority": {"executed_lines": [160], "summary": {"covered_lines": 1, "num_statements": 1, "percent_covered": 100.0, "percent_covered_display": "100", "missing_lines": 0, "excluded_lines": 0, "percent_statements_covered": 100.0, "percent_statements_covered_display": "100"}, "missing_lines": [], "excluded_lines": [], "start_line": 155}, "FileAccessPolicy._validate_impl": {"executed_lines": [179, 182, 184, 186, 189, 190, 199, 202, 203, 212, 215, 216, 225, 228, 229, 238, 241, 242, 243, 252, 255, 256, 257, 267, 268, 279, 284], "summary": {"covered_lines": 27, "num_statements": 27, "percent_covered": 100.0, "percent_covered_display": "100", "missing_lines": 0, "excluded_lines": 0, "percent_statements_covered": 100.0, "percent_statements_covered_display": "100"}, "missing_lines": [], "excluded_lines": [], "start_line": 162}, "FileAccessPolicy._extract_paths": {"executed_lines": [300, 303, 304, 307, 308, 311, 312, 313, 314, 316], "summary": {"covered_lines": 10, "num_statements": 10, "percent_covered": 100.0, "percent_covered_display": "100", "missing_lines": 0, "excluded_lines": 0, "percent_statements_covered": 100.0, "percent_statements_covered_display": "100"}, "missing_lines": [], "excluded_lines": [], "start_line": 291}, "FileAccessPolicy._normalize_path": {"executed_lines": [328, 329, 331, 334, 335, 337], "summary": {"covered_lines": 6, "num_statements": 8, "percent_covered": 75.0, "percent_covered_display": "75", "missing_lines": 2, "excluded_lines": 0, "percent_statements_covered": 75.0, "percent_statements_covered_display": "75"}, "missing_lines": [338, 340], "excluded_lines": [], "start_line": 318}, "FileAccessPolicy._has_parent_traversal": {"executed_lines": [352, 354, 356], "summary": {"covered_lines": 3, "num_statements": 3, "percent_covered": 100.0, "percent_covered_display": "100", "missing_lines": 0, "excluded_lines": 0, "percent_statements_covered": 100.0, "percent_statements_covered_display": "100"}, "missing_lines": [], "excluded_lines": [], "start_line": 342}, "FileAccessPolicy._is_forbidden_file": {"executed_lines": [367, 369, 370, 373, 374, 376], "summary": {"covered_lines": 6, "num_statements": 6, "percent_covered": 100.0, "percent_covered_display": "100", "missing_lines": 0, "excluded_lines": 0, "percent_statements_covered": 100.0, "percent_statements_covered_display": "100"}, "missing_lines": [], "excluded_lines": [], "start_line": 358}, "FileAccessPolicy._is_forbidden_directory": {"executed_lines": [387, 389, 390, 393, 395, 397, 399], "summary": {"covered_lines": 7, "num_statements": 7, "percent_covered": 100.0, "percent_covered_display": "100", "missing_lines": 0, "excluded_lines": 0, "percent_statements_covered": 100.0, "percent_statements_covered_display": "100"}, "missing_lines": [], "excluded_lines": [], "start_line": 378}, "FileAccessPolicy._has_forbidden_extension": {"executed_lines": [410, 411], "summary": {"covered_lines": 2, "num_statements": 2, "percent_covered": 100.0, "percent_covered_display": "100", "missing_lines": 0, "excluded_lines": 0, "percent_statements_covered": 100.0, "percent_statements_covered_display": "100"}, "missing_lines": [], "excluded_lines": [], "start_line": 401}, "FileAccessPolicy._is_allowed": {"executed_lines": [422, 425, 426, 427, 429], "summary": {"covered_lines": 5, "num_statements": 6, "percent_covered": 83.33333333333333, "percent_covered_display": "83", "missing_lines": 1, "excluded_lines": 0, "percent_statements_covered": 83.33333333333333, "percent_statements_covered_display": "83"}, "missing_lines": [423], "excluded_lines": [], "start_line": 413}, "FileAccessPolicy._is_denied": {"executed_lines": [440, 441, 443, 444, 445, 447], "summary": {"covered_lines": 6, "num_statements": 6, "percent_covered": 100.0, "percent_covered_display": "100", "missing_lines": 0, "excluded_lines": 0, "percent_statements_covered": 100.0, "percent_statements_covered_display": "100"}, "missing_lines": [], "excluded_lines": [], "start_line": 431}, "FileAccessPolicy._matches_pattern": {"executed_lines": [466, 467, 468, 471, 472, 475, 476, 482, 483, 484, 485, 486, 487, 489, 490], "summary": {"covered_lines": 15, "num_statements": 17, "percent_covered": 88.23529411764706, "percent_covered_display": "88", "missing_lines": 2, "excluded_lines": 0, "percent_statements_covered": 88.23529411764706, "percent_statements_covered_display": "88"}, "missing_lines": [491, 493], "excluded_lines": [], "start_line": 449}, "": {"executed_lines": [12, 13, 14, 15, 16, 17, 20, 74, 88, 101, 110, 144, 145, 149, 150, 154, 155, 162, 291, 318, 342, 358, 378, 401, 413, 431, 449], "summary": {"covered_lines": 27, "num_statements": 27, "percent_covered": 100.0, "percent_covered_display": "100", "missing_lines": 0, "excluded_lines": 0, "percent_statements_covered": 100.0, "percent_statements_covered_display": "100"}, "missing_lines": [], "excluded_lines": [], "start_line": 1}}, "classes": {"FileAccessPolicy": {"executed_lines": [116, 119, 120, 123, 124, 125, 126, 129, 133, 137, 142, 147, 152, 160, 179, 182, 184, 186, 189, 190, 199, 202, 203, 212, 215, 216, 225, 228, 229, 238, 241, 242, 243, 252, 255, 256, 257, 267, 268, 279, 284, 300, 303, 304, 307, 308, 311, 312, 313, 314, 316, 328, 329, 331, 334, 335, 337, 352, 354, 356, 367, 369, 370, 373, 374, 376, 387, 389, 390, 393, 395, 397, 399, 410, 411, 422, 425, 426, 427, 429, 440, 441, 443, 444, 445, 447, 466, 467, 468, 471, 472, 475, 476, 482, 483, 484, 485, 486, 487, 489, 490], "summary": {"covered_lines": 101, "num_statements": 106, "percent_covered": 95.28301886792453, "percent_covered_display": "95", "missing_lines": 5, "excluded_lines": 0, "percent_statements_covered": 95.28301886792453, "percent_statements_covered_display": "95"}, "missing_lines": [338, 340, 423, 491, 493], "excluded_lines": [], "start_line": 20}, "": {"executed_lines": [12, 13, 14, 15, 16, 17, 20, 74, 88, 101, 110, 144, 145, 149, 150, 154, 155, 162, 291, 318, 342, 358, 378, 401, 413, 431, 449], "summary": {"covered_lines": 27, "num_statements": 27, "percent_covered": 100.0, "percent_covered_display": "100", "missing_lines": 0, "excluded_lines": 0, "percent_statements_covered": 100.0, "percent_statements_covered_display": "100"}, "missing_lines": [], "excluded_lines": [], "start_line": 1}}}, "src/safety/interfaces.py": {"executed_lines": [8, 9, 10, 11, 12, 15, 25, 26, 27, 28, 29, 31, 33, 34, 35, 37, 39, 40, 41, 43, 45, 46, 47, 49, 51, 52, 53, 56, 57, 81, 82, 83, 84, 85, 86, 87, 88, 90, 92, 105, 106, 131, 132, 133, 134, 136, 138, 140, 142, 144, 146, 149, 180, 181, 182, 190, 191, 192, 200, 201, 210, 212, 213, 219, 221, 222, 253, 272, 285, 288, 300, 301], "summary": {"covered_lines": 72, "num_statements": 77, "percent_covered": 93.50649350649351, "percent_covered_display": "94", "missing_lines": 5, "excluded_lines": 1, "percent_statements_covered": 93.50649350649351, "percent_statements_covered_display": "94"}, "missing_lines": [188, 198, 251, 270, 315], "excluded_lines": [150], "functions": {"ViolationSeverity.__lt__": {"executed_lines": [33, 34, 35], "summary": {"covered_lines": 3, "num_statements": 3, "percent_covered": 100.0, "percent_covered_display": "100", "missing_lines": 0, "excluded_lines": 0, "percent_statements_covered": 100.0, "percent_statements_covered_display": "100"}, "missing_lines": [], "excluded_lines": [], "start_line": 31}, "ViolationSeverity.__le__": {"executed_lines": [39, 40, 41], "summary": {"covered_lines": 3, "num_statements": 3, "percent_covered": 100.0, "percent_covered_display": "100", "missing_lines": 0, "excluded_lines": 0, "percent_statements_covered": 100.0, "percent_statements_covered_display": "100"}, "missing_lines": [], "excluded_lines": [], "start_line": 37}, "ViolationSeverity.__gt__": {"executed_lines": [45, 46, 47], "summary": {"covered_lines": 3, "num_statements": 3, "percent_covered": 100.0, "percent_covered_display": "100", "missing_lines": 0, "excluded_lines": 0, "percent_statements_covered": 100.0, "percent_statements_covered_display": "100"}, "missing_lines": [], "excluded_lines": [], "start_line": 43}, "ViolationSeverity.__ge__": {"executed_lines": [51, 52, 53], "summary": {"covered_lines": 3, "num_statements": 3, "percent_covered": 100.0, "percent_covered_display": "100", "missing_lines": 0, "excluded_lines": 0, "percent_statements_covered": 100.0, "percent_statements_covered_display": "100"}, "missing_lines": [], "excluded_lines": [], "start_line": 49}, "SafetyViolation.to_dict": {"executed_lines": [92], "summary": {"covered_lines": 1, "num_statements": 1, "percent_covered": 100.0, "percent_covered_display": "100", "missing_lines": 0, "excluded_lines": 0, "percent_statements_covered": 100.0, "percent_statements_covered_display": "100"}, "missing_lines": [], "excluded_lines": [], "start_line": 90}, "ValidationResult.has_critical_violations": {"executed_lines": [138], "summary": {"covered_lines": 1, "num_statements": 1, "percent_covered": 100.0, "percent_covered_display": "100", "missing_lines": 0, "excluded_lines": 0, "percent_statements_covered": 100.0, "percent_statements_covered_display": "100"}, "missing_lines": [], "excluded_lines": [], "start_line": 136}, "ValidationResult.has_blocking_violations": {"executed_lines": [142], "summary": {"covered_lines": 1, "num_statements": 1, "percent_covered": 100.0, "percent_covered_display": "100", "missing_lines": 0, "excluded_lines": 0, "percent_statements_covered": 100.0, "percent_statements_covered_display": "100"}, "missing_lines": [], "excluded_lines": [], "start_line": 140}, "ValidationResult.get_violations_by_severity": {"executed_lines": [146], "summary": {"covered_lines": 1, "num_statements": 1, "percent_covered": 100.0, "percent_covered_display": "100", "missing_lines": 0, "excluded_lines": 0, "percent_statements_covered": 100.0, "percent_statements_covered_display": "100"}, "missing_lines": [], "excluded_lines": [], "start_line": 144}, "SafetyPolicy.name": {"executed_lines": [], "summary": {"covered_lines": 0, "num_statements": 1, "percent_covered": 0.0, "percent_covered_display": "0", "missing_lines": 1, "excluded_lines": 0, "percent_statements_covered": 0.0, "percent_statements_covered_display": "0"}, "missing_lines": [188], "excluded_lines": [], "start_line": 182}, "SafetyPolicy.version": {"executed_lines": [], "summary": {"covered_lines": 0, "num_statements": 1, "percent_covered": 0.0, "percent_covered_display": "0", "missing_lines": 1, "excluded_lines": 0, "percent_statements_covered": 0.0, "percent_statements_covered_display": "0"}, "missing_lines": [198], "excluded_lines": [], "start_line": 192}, "SafetyPolicy.priority": {"executed_lines": [210], "summary": {"covered_lines": 1, "num_statements": 1, "percent_covered": 100.0, "percent_covered_display": "100", "missing_lines": 0, "excluded_lines": 0, "percent_statements_covered": 100.0, "percent_statements_covered_display": "100"}, "missing_lines": [], "excluded_lines": [], "start_line": 201}, "SafetyPolicy.description": {"executed_lines": [219], "summary": {"covered_lines": 1, "num_statements": 1, "percent_covered": 100.0, "percent_covered_display": "100", "missing_lines": 0, "excluded_lines": 0, "percent_statements_covered": 100.0, "percent_statements_covered_display": "100"}, "missing_lines": [], "excluded_lines": [], "start_line": 213}, "SafetyPolicy.validate": {"executed_lines": [], "summary": {"covered_lines": 0, "num_statements": 1, "percent_covered": 0.0, "percent_covered_display": "0", "missing_lines": 1, "excluded_lines": 0, "percent_statements_covered": 0.0, "percent_statements_covered_display": "0"}, "missing_lines": [251], "excluded_lines": [], "start_line": 222}, "SafetyPolicy.validate_async": {"executed_lines": [], "summary": {"covered_lines": 0, "num_statements": 1, "percent_covered": 0.0, "percent_covered_display": "0", "missing_lines": 1, "excluded_lines": 0, "percent_statements_covered": 0.0, "percent_statements_covered_display": "0"}, "missing_lines": [270], "excluded_lines": [], "start_line": 253}, "SafetyPolicy.report_violation": {"executed_lines": [285], "summary": {"covered_lines": 1, "num_statements": 1, "percent_covered": 100.0, "percent_covered_display": "100", "missing_lines": 0, "excluded_lines": 0, "percent_statements_covered": 100.0, "percent_statements_covered_display": "100"}, "missing_lines": [], "excluded_lines": [], "start_line": 272}, "Validator.validate": {"executed_lines": [], "summary": {"covered_lines": 0, "num_statements": 1, "percent_covered": 0.0, "percent_covered_display": "0", "missing_lines": 1, "excluded_lines": 0, "percent_statements_covered": 0.0, "percent_statements_covered_display": "0"}, "missing_lines": [315], "excluded_lines": [], "start_line": 301}, "": {"executed_lines": [8, 9, 10, 11, 12, 15, 25, 26, 27, 28, 29, 31, 37, 43, 49, 56, 57, 81, 82, 83, 84, 85, 86, 87, 88, 90, 105, 106, 131, 132, 133, 134, 136, 140, 144, 149, 180, 181, 182, 190, 191, 192, 200, 201, 212, 213, 221, 222, 253, 272, 288, 300, 301], "summary": {"covered_lines": 53, "num_statements": 53, "percent_covered": 100.0, "percent_covered_display": "100", "missing_lines": 0, "excluded_lines": 1, "percent_statements_covered": 100.0, "percent_statements_covered_display": "100"}, "missing_lines": [], "excluded_lines": [150], "start_line": 1}}, "classes": {"ViolationSeverity": {"executed_lines": [33, 34, 35, 39, 40, 41, 45, 46, 47, 51, 52, 53], "summary": {"covered_lines": 12, "num_statements": 12, "percent_covered": 100.0, "percent_covered_display": "100", "missing_lines": 0, "excluded_lines": 0, "percent_statements_covered": 100.0, "percent_statements_covered_display": "100"}, "missing_lines": [], "excluded_lines": [], "start_line": 15}, "SafetyViolation": {"executed_lines": [92], "summary": {"covered_lines": 1, "num_statements": 1, "percent_covered": 100.0, "percent_covered_display": "100", "missing_lines": 0, "excluded_lines": 0, "percent_statements_covered": 100.0, "percent_statements_covered_display": "100"}, "missing_lines": [], "excluded_lines": [], "start_line": 57}, "ValidationResult": {"executed_lines": [138, 142, 146], "summary": {"covered_lines": 3, "num_statements": 3, "percent_covered": 100.0, "percent_covered_display": "100", "missing_lines": 0, "excluded_lines": 0, "percent_statements_covered": 100.0, "percent_statements_covered_display": "100"}, "missing_lines": [], "excluded_lines": [], "start_line": 106}, "SafetyPolicy": {"executed_lines": [210, 219, 285], "summary": {"covered_lines": 3, "num_statements": 7, "percent_covered": 42.857142857142854, "percent_covered_display": "43", "missing_lines": 4, "excluded_lines": 0, "percent_statements_covered": 42.857142857142854, "percent_statements_covered_display": "43"}, "missing_lines": [188, 198, 251, 270], "excluded_lines": [], "start_line": 149}, "Validator": {"executed_lines": [], "summary": {"covered_lines": 0, "num_statements": 1, "percent_covered": 0.0, "percent_covered_display": "0", "missing_lines": 1, "excluded_lines": 0, "percent_statements_covered": 0.0, "percent_statements_covered_display": "0"}, "missing_lines": [315], "excluded_lines": [], "start_line": 288}, "": {"executed_lines": [8, 9, 10, 11, 12, 15, 25, 26, 27, 28, 29, 31, 37, 43, 49, 56, 57, 81, 82, 83, 84, 85, 86, 87, 88, 90, 105, 106, 131, 132, 133, 134, 136, 140, 144, 149, 180, 181, 182, 190, 191, 192, 200, 201, 212, 213, 221, 222, 253, 272, 288, 300, 301], "summary": {"covered_lines": 53, "num_statements": 53, "percent_covered": 100.0, "percent_covered_display": "100", "missing_lines": 0, "excluded_lines": 1, "percent_statements_covered": 100.0, "percent_statements_covered_display": "100"}, "missing_lines": [], "excluded_lines": [150], "start_line": 1}}}, "src/safety/models.py": {"executed_lines": [14, 20], "summary": {"covered_lines": 2, "num_statements": 2, "percent_covered": 100.0, "percent_covered_display": "100", "missing_lines": 0, "excluded_lines": 0, "percent_statements_covered": 100.0, "percent_statements_covered_display": "100"}, "missing_lines": [], "excluded_lines": [], "functions": {"": {"executed_lines": [14, 20], "summary": {"covered_lines": 2, "num_statements": 2, "percent_covered": 100.0, "percent_covered_display": "100", "missing_lines": 0, "excluded_lines": 0, "percent_statements_covered": 100.0, "percent_statements_covered_display": "100"}, "missing_lines": [], "excluded_lines": [], "start_line": 1}}, "classes": {"": {"executed_lines": [14, 20], "summary": {"covered_lines": 2, "num_statements": 2, "percent_covered": 100.0, "percent_covered_display": "100", "missing_lines": 0, "excluded_lines": 0, "percent_statements_covered": 100.0, "percent_statements_covered_display": "100"}, "missing_lines": [], "excluded_lines": [], "start_line": 1}}}, "src/safety/policies/rate_limit_policy.py": {"executed_lines": [18, 19, 20, 21, 24, 52, 86, 96, 108, 114, 117, 118, 121, 122, 125, 126, 128, 135, 138, 139, 140, 141, 146, 147, 149, 156, 159, 160, 161, 162, 167, 168, 170, 171, 173, 175, 176, 178, 180, 181, 186, 188, 204, 207, 210, 212, 214, 222, 223, 224, 227, 228, 231, 240, 241, 244, 246, 255, 256, 259, 262, 263, 264, 269, 281, 304, 306, 309, 310, 313, 314, 318, 322, 324, 343, 345, 354, 357, 358, 359, 361, 363, 377, 383, 384, 385, 387, 388, 389, 396, 398, 414, 415, 417], "summary": {"covered_lines": 94, "num_statements": 101, "percent_covered": 93.06930693069307, "percent_covered_display": "93", "missing_lines": 7, "excluded_lines": 0, "percent_statements_covered": 93.06930693069307, "percent_statements_covered_display": "93"}, "missing_lines": [142, 143, 163, 164, 319, 355, 356], "excluded_lines": [], "functions": {"RateLimitPolicy.__init__": {"executed_lines": [114, 117, 118, 121, 122, 125, 126], "summary": {"covered_lines": 7, "num_statements": 7, "percent_covered": 100.0, "percent_covered_display": "100", "missing_lines": 0, "excluded_lines": 0, "percent_statements_covered": 100.0, "percent_statements_covered_display": "100"}, "missing_lines": [], "excluded_lines": [], "start_line": 108}, "RateLimitPolicy._load_per_agent_limits": {"executed_lines": [135, 138, 139, 140, 141, 146, 147], "summary": {"covered_lines": 7, "num_statements": 9, "percent_covered": 77.77777777777777, "percent_covered_display": "78", "missing_lines": 2, "excluded_lines": 0, "percent_statements_covered": 77.77777777777777, "percent_statements_covered_display": "78"}, "missing_lines": [142, 143], "excluded_lines": [], "start_line": 128}, "RateLimitPolicy._load_global_limits": {"executed_lines": [156, 159, 160, 161, 162, 167, 168], "summary": {"covered_lines": 7, "num_statements": 9, "percent_covered": 77.77777777777777, "percent_covered_display": "78", "missing_lines": 2, "excluded_lines": 0, "percent_statements_covered": 77.77777777777777, "percent_statements_covered_display": "78"}, "missing_lines": [163, 164], "excluded_lines": [], "start_line": 149}, "RateLimitPolicy.name": {"executed_lines": [173], "summary": {"covered_lines": 1, "num_statements": 1, "percent_covered": 100.0, "percent_covered_display": "100", "missing_lines": 0, "excluded_lines": 0, "percent_statements_covered": 100.0, "percent_statements_covered_display": "100"}, "missing_lines": [], "excluded_lines": [], "start_line": 171}, "RateLimitPolicy.version": {"executed_lines": [178], "summary": {"covered_lines": 1, "num_statements": 1, "percent_covered": 100.0, "percent_covered_display": "100", "missing_lines": 0, "excluded_lines": 0, "percent_statements_covered": 100.0, "percent_statements_covered_display": "100"}, "missing_lines": [], "excluded_lines": [], "start_line": 176}, "RateLimitPolicy.priority": {"executed_lines": [186], "summary": {"covered_lines": 1, "num_statements": 1, "percent_covered": 100.0, "percent_covered_display": "100", "missing_lines": 0, "excluded_lines": 0, "percent_statements_covered": 100.0, "percent_statements_covered_display": "100"}, "missing_lines": [], "excluded_lines": [], "start_line": 181}, "RateLimitPolicy._validate_impl": {"executed_lines": [204, 207, 210, 212, 214, 222, 223, 224, 227, 228, 231, 240, 241, 244, 246, 255, 256, 259, 262, 263, 264, 269], "summary": {"covered_lines": 22, "num_statements": 22, "percent_covered": 100.0, "percent_covered_display": "100", "missing_lines": 0, "excluded_lines": 0, "percent_statements_covered": 100.0, "percent_statements_covered_display": "100"}, "missing_lines": [], "excluded_lines": [], "start_line": 188}, "RateLimitPolicy._check_limit": {"executed_lines": [304, 306, 309, 310, 313, 314, 318, 322, 324, 343], "summary": {"covered_lines": 10, "num_statements": 11, "percent_covered": 90.9090909090909, "percent_covered_display": "91", "missing_lines": 1, "excluded_lines": 0, "percent_statements_covered": 90.9090909090909, "percent_statements_covered_display": "91"}, "missing_lines": [319], "excluded_lines": [], "start_line": 281}, "RateLimitPolicy._format_wait_time": {"executed_lines": [354, 357, 358, 359, 361], "summary": {"covered_lines": 5, "num_statements": 7, "percent_covered": 71.42857142857143, "percent_covered_display": "71", "missing_lines": 2, "excluded_lines": 0, "percent_statements_covered": 71.42857142857143, "percent_statements_covered_display": "71"}, "missing_lines": [355, 356], "excluded_lines": [], "start_line": 345}, "RateLimitPolicy.get_status": {"executed_lines": [377, 383, 384, 385, 387, 388, 389, 396], "summary": {"covered_lines": 8, "num_statements": 8, "percent_covered": 100.0, "percent_covered_display": "100", "missing_lines": 0, "excluded_lines": 0, "percent_statements_covered": 100.0, "percent_statements_covered_display": "100"}, "missing_lines": [], "excluded_lines": [], "start_line": 363}, "RateLimitPolicy.reset_limits": {"executed_lines": [414, 415, 417], "summary": {"covered_lines": 3, "num_statements": 3, "percent_covered": 100.0, "percent_covered_display": "100", "missing_lines": 0, "excluded_lines": 0, "percent_statements_covered": 100.0, "percent_statements_covered_display": "100"}, "missing_lines": [], "excluded_lines": [], "start_line": 398}, "": {"executed_lines": [18, 19, 20, 21, 24, 52, 86, 96, 108, 128, 149, 170, 171, 175, 176, 180, 181, 188, 281, 345, 363, 398], "summary": {"covered_lines": 22, "num_statements": 22, "percent_covered": 100.0, "percent_covered_display": "100", "missing_lines": 0, "excluded_lines": 0, "percent_statements_covered": 100.0, "percent_statements_covered_display": "100"}, "missing_lines": [], "excluded_lines": [], "start_line": 1}}, "classes": {"RateLimitPolicy": {"executed_lines": [114, 117, 118, 121, 122, 125, 126, 135, 138, 139, 140, 141, 146, 147, 156, 159, 160, 161, 162, 167, 168, 173, 178, 186, 204, 207, 210, 212, 214, 222, 223, 224, 227, 228, 231, 240, 241, 244, 246, 255, 256, 259, 262, 263, 264, 269, 304, 306, 309, 310, 313, 314, 318, 322, 324, 343, 354, 357, 358, 359, 361, 377, 383, 384, 385, 387, 388, 389, 396, 414, 415, 417], "summary": {"covered_lines": 72, "num_statements": 79, "percent_covered": 91.13924050632912, "percent_covered_display": "91", "missing_lines": 7, "excluded_lines": 0, "percent_statements_covered": 91.13924050632912, "percent_statements_covered_display": "91"}, "missing_lines": [142, 143, 163, 164, 319, 355, 356], "excluded_lines": [], "start_line": 24}, "": {"executed_lines": [18, 19, 20, 21, 24, 52, 86, 96, 108, 128, 149, 170, 171, 175, 176, 180, 181, 188, 281, 345, 363, 398], "summary": {"covered_lines": 22, "num_statements": 22, "percent_covered": 100.0, "percent_covered_display": "100", "missing_lines": 0, "excluded_lines": 0, "percent_statements_covered": 100.0, "percent_statements_covered_display": "100"}, "missing_lines": [], "excluded_lines": [], "start_line": 1}}}, "src/safety/rate_limiter.py": {"executed_lines": [14, 15, 16, 17, 18, 21, 50, 58, 75, 76, 80, 81, 85, 86, 93, 112, 130, 184, 200, 287], "summary": {"covered_lines": 20, "num_statements": 94, "percent_covered": 21.27659574468085, "percent_covered_display": "21", "missing_lines": 74, "excluded_lines": 0, "percent_statements_covered": 21.27659574468085, "percent_statements_covered_display": "21"}, "missing_lines": [64, 67, 68, 69, 70, 73, 78, 83, 91, 102, 103, 105, 126, 127, 128, 149, 152, 154, 155, 158, 159, 160, 161, 162, 164, 166, 167, 182, 193, 194, 195, 196, 198, 215, 218, 221, 222, 224, 227, 228, 231, 232, 235, 236, 242, 243, 245, 246, 252, 253, 255, 256, 262, 263, 266, 267, 269, 273, 276, 281, 294, 296, 297, 299, 300, 301, 302, 304, 305, 306, 307, 309, 310, 311], "excluded_lines": [], "functions": {"RateLimiterPolicy.__init__": {"executed_lines": [], "summary": {"covered_lines": 0, "num_statements": 6, "percent_covered": 0.0, "percent_covered_display": "0", "missing_lines": 6, "excluded_lines": 0, "percent_statements_covered": 0.0, "percent_statements_covered_display": "0"}, "missing_lines": [64, 67, 68, 69, 70, 73], "excluded_lines": [], "start_line": 58}, "RateLimiterPolicy.name": {"executed_lines": [], "summary": {"covered_lines": 0, "num_statements": 1, "percent_covered": 0.0, "percent_covered_display": "0", "missing_lines": 1, "excluded_lines": 0, "percent_statements_covered": 0.0, "percent_statements_covered_display": "0"}, "missing_lines": [78], "excluded_lines": [], "start_line": 76}, "RateLimiterPolicy.version": {"executed_lines": [], "summary": {"covered_lines": 0, "num_statements": 1, "percent_covered": 0.0, "percent_covered_display": "0", "missing_lines": 1, "excluded_lines": 0, "percent_statements_covered": 0.0, "percent_statements_covered_display": "0"}, "missing_lines": [83], "excluded_lines": [], "start_line": 81}, "RateLimiterPolicy.priority": {"executed_lines": [], "summary": {"covered_lines": 0, "num_statements": 1, "percent_covered": 0.0, "percent_covered_display": "0", "missing_lines": 1, "excluded_lines": 0, "percent_statements_covered": 0.0, "percent_statements_covered_display": "0"}, "missing_lines": [91], "excluded_lines": [], "start_line": 86}, "RateLimiterPolicy._get_entity_key": {"executed_lines": [], "summary": {"covered_lines": 0, "num_statements": 3, "percent_covered": 0.0, "percent_covered_display": "0", "missing_lines": 3, "excluded_lines": 0, "percent_statements_covered": 0.0, "percent_statements_covered_display": "0"}, "missing_lines": [102, 103, 105], "excluded_lines": [], "start_line": 93}, "RateLimiterPolicy._clean_old_records": {"executed_lines": [], "summary": {"covered_lines": 0, "num_statements": 3, "percent_covered": 0.0, "percent_covered_display": "0", "missing_lines": 3, "excluded_lines": 0, "percent_statements_covered": 0.0, "percent_statements_covered_display": "0"}, "missing_lines": [126, 127, 128], "excluded_lines": [], "start_line": 112}, "RateLimiterPolicy._check_limit": {"executed_lines": [], "summary": {"covered_lines": 0, "num_statements": 13, "percent_covered": 0.0, "percent_covered_display": "0", "missing_lines": 13, "excluded_lines": 0, "percent_statements_covered": 0.0, "percent_statements_covered_display": "0"}, "missing_lines": [149, 152, 154, 155, 158, 159, 160, 161, 162, 164, 166, 167, 182], "excluded_lines": [], "start_line": 130}, "RateLimiterPolicy._format_window": {"executed_lines": [], "summary": {"covered_lines": 0, "num_statements": 5, "percent_covered": 0.0, "percent_covered_display": "0", "missing_lines": 5, "excluded_lines": 0, "percent_statements_covered": 0.0, "percent_statements_covered_display": "0"}, "missing_lines": [193, 194, 195, 196, 198], "excluded_lines": [], "start_line": 184}, "RateLimiterPolicy._validate_impl": {"executed_lines": [], "summary": {"covered_lines": 0, "num_statements": 27, "percent_covered": 0.0, "percent_covered_display": "0", "missing_lines": 27, "excluded_lines": 0, "percent_statements_covered": 0.0, "percent_statements_covered_display": "0"}, "missing_lines": [215, 218, 221, 222, 224, 227, 228, 231, 232, 235, 236, 242, 243, 245, 246, 252, 253, 255, 256, 262, 263, 266, 267, 269, 273, 276, 281], "excluded_lines": [], "start_line": 200}, "RateLimiterPolicy.reset_limits": {"executed_lines": [], "summary": {"covered_lines": 0, "num_statements": 14, "percent_covered": 0.0, "percent_covered_display": "0", "missing_lines": 14, "excluded_lines": 0, "percent_statements_covered": 0.0, "percent_statements_covered_display": "0"}, "missing_lines": [294, 296, 297, 299, 300, 301, 302, 304, 305, 306, 307, 309, 310, 311], "excluded_lines": [], "start_line": 287}, "": {"executed_lines": [14, 15, 16, 17, 18, 21, 50, 58, 75, 76, 80, 81, 85, 86, 93, 112, 130, 184, 200, 287], "summary": {"covered_lines": 20, "num_statements": 20, "percent_covered": 100.0, "percent_covered_display": "100", "missing_lines": 0, "excluded_lines": 0, "percent_statements_covered": 100.0, "percent_statements_covered_display": "100"}, "missing_lines": [], "excluded_lines": [], "start_line": 1}}, "classes": {"RateLimiterPolicy": {"executed_lines": [], "summary": {"covered_lines": 0, "num_statements": 74, "percent_covered": 0.0, "percent_covered_display": "0", "missing_lines": 74, "excluded_lines": 0, "percent_statements_covered": 0.0, "percent_statements_covered_display": "0"}, "missing_lines": [64, 67, 68, 69, 70, 73, 78, 83, 91, 102, 103, 105, 126, 127, 128, 149, 152, 154, 155, 158, 159, 160, 161, 162, 164, 166, 167, 182, 193, 194, 195, 196, 198, 215, 218, 221, 222, 224, 227, 228, 231, 232, 235, 236, 242, 243, 245, 246, 252, 253, 255, 256, 262, 263, 266, 267, 269, 273, 276, 281, 294, 296, 297, 299, 300, 301, 302, 304, 305, 306, 307, 309, 310, 311], "excluded_lines": [], "start_line": 21}, "": {"executed_lines": [14, 15, 16, 17, 18, 21, 50, 58, 75, 76, 80, 81, 85, 86, 93, 112, 130, 184, 200, 287], "summary": {"covered_lines": 20, "num_statements": 20, "percent_covered": 100.0, "percent_covered_display": "100", "missing_lines": 0, "excluded_lines": 0, "percent_statements_covered": 100.0, "percent_statements_covered_display": "100"}, "missing_lines": [], "excluded_lines": [], "start_line": 1}}}, "src/safety/secret_detection.py": {"executed_lines": [14, 15, 16, 17, 20, 42, 57, 68, 89, 90, 94, 95, 99, 100, 107, 136, 154], "summary": {"covered_lines": 17, "num_statements": 73, "percent_covered": 23.28767123287671, "percent_covered_display": "23", "missing_lines": 56, "excluded_lines": 0, "percent_statements_covered": 23.28767123287671, "percent_statements_covered_display": "23"}, "missing_lines": [74, 77, 78, 79, 80, 83, 92, 97, 105, 118, 119, 122, 123, 124, 127, 128, 129, 130, 131, 132, 134, 145, 146, 148, 149, 171, 174, 175, 178, 179, 182, 183, 184, 185, 186, 187, 189, 190, 193, 194, 195, 196, 199, 200, 203, 206, 209, 210, 211, 213, 214, 215, 217, 219, 234, 239], "excluded_lines": [], "functions": {"SecretDetectionPolicy.__init__": {"executed_lines": [], "summary": {"covered_lines": 0, "num_statements": 6, "percent_covered": 0.0, "percent_covered_display": "0", "missing_lines": 6, "excluded_lines": 0, "percent_statements_covered": 0.0, "percent_statements_covered_display": "0"}, "missing_lines": [74, 77, 78, 79, 80, 83], "excluded_lines": [], "start_line": 68}, "SecretDetectionPolicy.name": {"executed_lines": [], "summary": {"covered_lines": 0, "num_statements": 1, "percent_covered": 0.0, "percent_covered_display": "0", "missing_lines": 1, "excluded_lines": 0, "percent_statements_covered": 0.0, "percent_statements_covered_display": "0"}, "missing_lines": [92], "excluded_lines": [], "start_line": 90}, "SecretDetectionPolicy.version": {"executed_lines": [], "summary": {"covered_lines": 0, "num_statements": 1, "percent_covered": 0.0, "percent_covered_display": "0", "missing_lines": 1, "excluded_lines": 0, "percent_statements_covered": 0.0, "percent_statements_covered_display": "0"}, "missing_lines": [97], "excluded_lines": [], "start_line": 95}, "SecretDetectionPolicy.priority": {"executed_lines": [], "summary": {"covered_lines": 0, "num_statements": 1, "percent_covered": 0.0, "percent_covered_display": "0", "missing_lines": 1, "excluded_lines": 0, "percent_statements_covered": 0.0, "percent_statements_covered_display": "0"}, "missing_lines": [105], "excluded_lines": [], "start_line": 100}, "SecretDetectionPolicy._calculate_entropy": {"executed_lines": [], "summary": {"covered_lines": 0, "num_statements": 12, "percent_covered": 0.0, "percent_covered_display": "0", "missing_lines": 12, "excluded_lines": 0, "percent_statements_covered": 0.0, "percent_statements_covered_display": "0"}, "missing_lines": [118, 119, 122, 123, 124, 127, 128, 129, 130, 131, 132, 134], "excluded_lines": [], "start_line": 107}, "SecretDetectionPolicy._is_test_secret": {"executed_lines": [], "summary": {"covered_lines": 0, "num_statements": 4, "percent_covered": 0.0, "percent_covered_display": "0", "missing_lines": 4, "excluded_lines": 0, "percent_statements_covered": 0.0, "percent_statements_covered_display": "0"}, "missing_lines": [145, 146, 148, 149], "excluded_lines": [], "start_line": 136}, "SecretDetectionPolicy._validate_impl": {"executed_lines": [], "summary": {"covered_lines": 0, "num_statements": 31, "percent_covered": 0.0, "percent_covered_display": "0", "missing_lines": 31, "excluded_lines": 0, "percent_statements_covered": 0.0, "percent_statements_covered_display": "0"}, "missing_lines": [171, 174, 175, 178, 179, 182, 183, 184, 185, 186, 187, 189, 190, 193, 194, 195, 196, 199, 200, 203, 206, 209, 210, 211, 213, 214, 215, 217, 219, 234, 239], "excluded_lines": [], "start_line": 154}, "": {"executed_lines": [14, 15, 16, 17, 20, 42, 57, 68, 89, 90, 94, 95, 99, 100, 107, 136, 154], "summary": {"covered_lines": 17, "num_statements": 17, "percent_covered": 100.0, "percent_covered_display": "100", "missing_lines": 0, "excluded_lines": 0, "percent_statements_covered": 100.0, "percent_statements_covered_display": "100"}, "missing_lines": [], "excluded_lines": [], "start_line": 1}}, "classes": {"SecretDetectionPolicy": {"executed_lines": [], "summary": {"covered_lines": 0, "num_statements": 56, "percent_covered": 0.0, "percent_covered_display": "0", "missing_lines": 56, "excluded_lines": 0, "percent_statements_covered": 0.0, "percent_statements_covered_display": "0"}, "missing_lines": [74, 77, 78, 79, 80, 83, 92, 97, 105, 118, 119, 122, 123, 124, 127, 128, 129, 130, 131, 132, 134, 145, 146, 148, 149, 171, 174, 175, 178, 179, 182, 183, 184, 185, 186, 187, 189, 190, 193, 194, 195, 196, 199, 200, 203, 206, 209, 210, 211, 213, 214, 215, 217, 219, 234, 239], "excluded_lines": [], "start_line": 20}, "": {"executed_lines": [14, 15, 16, 17, 20, 42, 57, 68, 89, 90, 94, 95, 99, 100, 107, 136, 154], "summary": {"covered_lines": 17, "num_statements": 17, "percent_covered": 100.0, "percent_covered_display": "100", "missing_lines": 0, "excluded_lines": 0, "percent_statements_covered": 100.0, "percent_statements_covered_display": "100"}, "missing_lines": [], "excluded_lines": [], "start_line": 1}}}, "src/safety/token_bucket.py": {"executed_lines": [13, 14, 15, 16, 19, 20, 38, 39, 40, 41, 43, 45, 46, 47, 48, 49, 50, 53, 54, 55, 56, 59, 88, 94, 95, 96, 97, 100, 101, 104, 106, 123, 124, 126, 127, 128, 130, 132, 146, 147, 148, 150, 156, 157, 159, 161, 164, 167, 169, 181, 182, 183, 185, 201, 202, 204, 205, 208, 213, 215, 217, 227, 228, 229, 231, 249, 250, 252, 263, 287, 290, 293, 296, 298, 309, 310, 312, 327, 328, 330, 333, 334, 337, 339, 343, 344, 345, 347, 363, 364, 366, 368, 370, 385, 386, 387, 389, 391, 408, 409, 410, 412, 414, 427, 428, 430, 431, 432, 434, 435, 436, 437, 439, 440, 441, 442, 444, 445, 446, 448, 460, 461], "summary": {"covered_lines": 122, "num_statements": 123, "percent_covered": 99.1869918699187, "percent_covered_display": "99", "missing_lines": 1, "excluded_lines": 0, "percent_statements_covered": 99.1869918699187, "percent_statements_covered_display": "99"}, "missing_lines": [340], "excluded_lines": [], "functions": {"RateLimit.__post_init__": {"executed_lines": [45, 46, 47, 48, 49, 50, 53, 54, 55, 56], "summary": {"covered_lines": 10, "num_statements": 10, "percent_covered": 100.0, "percent_covered_display": "100", "missing_lines": 0, "excluded_lines": 0, "percent_statements_covered": 100.0, "percent_statements_covered_display": "100"}, "missing_lines": [], "excluded_lines": [], "start_line": 43}, "TokenBucket.__init__": {"executed_lines": [94, 95, 96, 97, 100, 101, 104], "summary": {"covered_lines": 7, "num_statements": 7, "percent_covered": 100.0, "percent_covered_display": "100", "missing_lines": 0, "excluded_lines": 0, "percent_statements_covered": 100.0, "percent_statements_covered_display": "100"}, "missing_lines": [], "excluded_lines": [], "start_line": 88}, "TokenBucket.consume": {"executed_lines": [123, 124, 126, 127, 128, 130], "summary": {"covered_lines": 6, "num_statements": 6, "percent_covered": 100.0, "percent_covered_display": "100", "missing_lines": 0, "excluded_lines": 0, "percent_statements_covered": 100.0, "percent_statements_covered_display": "100"}, "missing_lines": [], "excluded_lines": [], "start_line": 106}, "TokenBucket.peek": {"executed_lines": [146, 147, 148], "summary": {"covered_lines": 3, "num_statements": 3, "percent_covered": 100.0, "percent_covered_display": "100", "missing_lines": 0, "excluded_lines": 0, "percent_statements_covered": 100.0, "percent_statements_covered_display": "100"}, "missing_lines": [], "excluded_lines": [], "start_line": 132}, "TokenBucket._refill": {"executed_lines": [156, 157, 159, 161, 164, 167], "summary": {"covered_lines": 6, "num_statements": 6, "percent_covered": 100.0, "percent_covered_display": "100", "missing_lines": 0, "excluded_lines": 0, "percent_statements_covered": 100.0, "percent_statements_covered_display": "100"}, "missing_lines": [], "excluded_lines": [], "start_line": 150}, "TokenBucket.get_tokens": {"executed_lines": [181, 182, 183], "summary": {"covered_lines": 3, "num_statements": 3, "percent_covered": 100.0, "percent_covered_display": "100", "missing_lines": 0, "excluded_lines": 0, "percent_statements_covered": 100.0, "percent_statements_covered_display": "100"}, "missing_lines": [], "excluded_lines": [], "start_line": 169}, "TokenBucket.get_wait_time": {"executed_lines": [201, 202, 204, 205, 208, 213, 215], "summary": {"covered_lines": 7, "num_statements": 7, "percent_covered": 100.0, "percent_covered_display": "100", "missing_lines": 0, "excluded_lines": 0, "percent_statements_covered": 100.0, "percent_statements_covered_display": "100"}, "missing_lines": [], "excluded_lines": [], "start_line": 185}, "TokenBucket.reset": {"executed_lines": [227, 228, 229], "summary": {"covered_lines": 3, "num_statements": 3, "percent_covered": 100.0, "percent_covered_display": "100", "missing_lines": 0, "excluded_lines": 0, "percent_statements_covered": 100.0, "percent_statements_covered_display": "100"}, "missing_lines": [], "excluded_lines": [], "start_line": 217}, "TokenBucket.get_info": {"executed_lines": [249, 250, 252], "summary": {"covered_lines": 3, "num_statements": 3, "percent_covered": 100.0, "percent_covered_display": "100", "missing_lines": 0, "excluded_lines": 0, "percent_statements_covered": 100.0, "percent_statements_covered_display": "100"}, "missing_lines": [], "excluded_lines": [], "start_line": 231}, "TokenBucketManager.__init__": {"executed_lines": [290, 293, 296], "summary": {"covered_lines": 3, "num_statements": 3, "percent_covered": 100.0, "percent_covered_display": "100", "missing_lines": 0, "excluded_lines": 0, "percent_statements_covered": 100.0, "percent_statements_covered_display": "100"}, "missing_lines": [], "excluded_lines": [], "start_line": 287}, "TokenBucketManager.set_limit": {"executed_lines": [309, 310], "summary": {"covered_lines": 2, "num_statements": 2, "percent_covered": 100.0, "percent_covered_display": "100", "missing_lines": 0, "excluded_lines": 0, "percent_statements_covered": 100.0, "percent_statements_covered_display": "100"}, "missing_lines": [], "excluded_lines": [], "start_line": 298}, "TokenBucketManager.get_bucket": {"executed_lines": [327, 328, 330, 333, 334, 337, 339, 343, 344, 345], "summary": {"covered_lines": 10, "num_statements": 11, "percent_covered": 90.9090909090909, "percent_covered_display": "91", "missing_lines": 1, "excluded_lines": 0, "percent_statements_covered": 90.9090909090909, "percent_statements_covered_display": "91"}, "missing_lines": [340], "excluded_lines": [], "start_line": 312}, "TokenBucketManager.consume": {"executed_lines": [363, 364, 366, 368], "summary": {"covered_lines": 4, "num_statements": 4, "percent_covered": 100.0, "percent_covered_display": "100", "missing_lines": 0, "excluded_lines": 0, "percent_statements_covered": 100.0, "percent_statements_covered_display": "100"}, "missing_lines": [], "excluded_lines": [], "start_line": 347}, "TokenBucketManager.get_tokens": {"executed_lines": [385, 386, 387, 389], "summary": {"covered_lines": 4, "num_statements": 4, "percent_covered": 100.0, "percent_covered_display": "100", "missing_lines": 0, "excluded_lines": 0, "percent_statements_covered": 100.0, "percent_statements_covered_display": "100"}, "missing_lines": [], "excluded_lines": [], "start_line": 370}, "TokenBucketManager.get_wait_time": {"executed_lines": [408, 409, 410, 412], "summary": {"covered_lines": 4, "num_statements": 4, "percent_covered": 100.0, "percent_covered_display": "100", "missing_lines": 0, "excluded_lines": 0, "percent_statements_covered": 100.0, "percent_statements_covered_display": "100"}, "missing_lines": [], "excluded_lines": [], "start_line": 391}, "TokenBucketManager.reset": {"executed_lines": [427, 428, 430, 431, 432, 434, 435, 436, 437, 439, 440, 441, 442, 444, 445, 446], "summary": {"covered_lines": 16, "num_statements": 16, "percent_covered": 100.0, "percent_covered_display": "100", "missing_lines": 0, "excluded_lines": 0, "percent_statements_covered": 100.0, "percent_statements_covered_display": "100"}, "missing_lines": [], "excluded_lines": [], "start_line": 414}, "TokenBucketManager.get_all_info": {"executed_lines": [460, 461], "summary": {"covered_lines": 2, "num_statements": 2, "percent_covered": 100.0, "percent_covered_display": "100", "missing_lines": 0, "excluded_lines": 0, "percent_statements_covered": 100.0, "percent_statements_covered_display": "100"}, "missing_lines": [], "excluded_lines": [], "start_line": 448}, "": {"executed_lines": [13, 14, 15, 16, 19, 20, 38, 39, 40, 41, 43, 59, 88, 106, 132, 150, 169, 185, 217, 231, 263, 287, 298, 312, 347, 370, 391, 414, 448], "summary": {"covered_lines": 29, "num_statements": 29, "percent_covered": 100.0, "percent_covered_display": "100", "missing_lines": 0, "excluded_lines": 0, "percent_statements_covered": 100.0, "percent_statements_covered_display": "100"}, "missing_lines": [], "excluded_lines": [], "start_line": 1}}, "classes": {"RateLimit": {"executed_lines": [45, 46, 47, 48, 49, 50, 53, 54, 55, 56], "summary": {"covered_lines": 10, "num_statements": 10, "percent_covered": 100.0, "percent_covered_display": "100", "missing_lines": 0, "excluded_lines": 0, "percent_statements_covered": 100.0, "percent_statements_covered_display": "100"}, "missing_lines": [], "excluded_lines": [], "start_line": 20}, "TokenBucket": {"executed_lines": [94, 95, 96, 97, 100, 101, 104, 123, 124, 126, 127, 128, 130, 146, 147, 148, 156, 157, 159, 161, 164, 167, 181, 182, 183, 201, 202, 204, 205, 208, 213, 215, 227, 228, 229, 249, 250, 252], "summary": {"covered_lines": 38, "num_statements": 38, "percent_covered": 100.0, "percent_covered_display": "100", "missing_lines": 0, "excluded_lines": 0, "percent_statements_covered": 100.0, "percent_statements_covered_display": "100"}, "missing_lines": [], "excluded_lines": [], "start_line": 59}, "TokenBucketManager": {"executed_lines": [290, 293, 296, 309, 310, 327, 328, 330, 333, 334, 337, 339, 343, 344, 345, 363, 364, 366, 368, 385, 386, 387, 389, 408, 409, 410, 412, 427, 428, 430, 431, 432, 434, 435, 436, 437, 439, 440, 441, 442, 444, 445, 446, 460, 461], "summary": {"covered_lines": 45, "num_statements": 46, "percent_covered": 97.82608695652173, "percent_covered_display": "98", "missing_lines": 1, "excluded_lines": 0, "percent_statements_covered": 97.82608695652173, "percent_statements_covered_display": "98"}, "missing_lines": [340], "excluded_lines": [], "start_line": 263}, "": {"executed_lines": [13, 14, 15, 16, 19, 20, 38, 39, 40, 41, 43, 59, 88, 106, 132, 150, 169, 185, 217, 231, 263, 287, 298, 312, 347, 370, 391, 414, 448], "summary": {"covered_lines": 29, "num_statements": 29, "percent_covered": 100.0, "percent_covered_display": "100", "missing_lines": 0, "excluded_lines": 0, "percent_statements_covered": 100.0, "percent_statements_covered_display": "100"}, "missing_lines": [], "excluded_lines": [], "start_line": 1}}}}, "totals": {"covered_lines": 584, "num_statements": 880, "percent_covered": 66.36363636363636, "percent_covered_display": "66", "missing_lines": 296, "excluded_lines": 3, "percent_statements_covered": 66.36363636363636, "percent_statements_covered_display": "66"}}