{"meta": {"format": 3, "version": "7.13.3", "timestamp": "2026-02-14T15:58:19.552297", "branch_coverage": false, "show_contexts": false}, "files": {"src/self_improvement/__init__.py": {"executed_lines": [7, 14, 25], "summary": {"covered_lines": 3, "num_statements": 3, "percent_covered": 100.0, "percent_covered_display": "100", "missing_lines": 0, "excluded_lines": 0, "percent_statements_covered": 100.0, "percent_statements_covered_display": "100"}, "missing_lines": [], "excluded_lines": [], "functions": {"": {"executed_lines": [7, 14, 25], "summary": {"covered_lines": 3, "num_statements": 3, "percent_covered": 100.0, "percent_covered_display": "100", "missing_lines": 0, "excluded_lines": 0, "percent_statements_covered": 100.0, "percent_statements_covered_display": "100"}, "missing_lines": [], "excluded_lines": [], "start_line": 1}}, "classes": {"": {"executed_lines": [7, 14, 25], "summary": {"covered_lines": 3, "num_statements": 3, "percent_covered": 100.0, "percent_covered_display": "100", "missing_lines": 0, "excluded_lines": 0, "percent_statements_covered": 100.0, "percent_statements_covered_display": "100"}, "missing_lines": [], "excluded_lines": [], "start_line": 1}}}, "src/self_improvement/_experiment_helpers.py": {"executed_lines": [5, 6, 7, 8, 9, 11, 13, 19, 22, 27, 30, 31, 33, 34, 35, 36, 37, 38, 39, 40, 43, 44, 46, 47, 48, 49, 50, 51, 52, 55, 56, 59, 60, 63, 73, 74, 75, 77, 78, 80, 83, 88, 90, 91, 92, 94, 104, 119, 121, 122, 123, 124, 126, 131, 132, 134, 135, 139, 140, 141, 147, 148, 149, 151, 163, 173, 174, 186, 187, 188, 191, 204, 206, 217, 218, 219, 221], "summary": {"covered_lines": 77, "num_statements": 77, "percent_covered": 100.0, "percent_covered_display": "100", "missing_lines": 0, "excluded_lines": 0, "percent_statements_covered": 100.0, "percent_statements_covered_display": "100"}, "missing_lines": [], "excluded_lines": [], "functions": {"hash_to_variant": {"executed_lines": [73, 74, 75, 77, 78, 80], "summary": {"covered_lines": 6, "num_statements": 6, "percent_covered": 100.0, "percent_covered_display": "100", "missing_lines": 0, "excluded_lines": 0, "percent_statements_covered": 100.0, "percent_statements_covered_display": "100"}, "missing_lines": [], "excluded_lines": [], "start_line": 63}, "aggregate_variant_results": {"executed_lines": [88, 90, 91, 92, 94], "summary": {"covered_lines": 5, "num_statements": 5, "percent_covered": 100.0, "percent_covered_display": "100", "missing_lines": 0, "excluded_lines": 0, "percent_statements_covered": 100.0, "percent_statements_covered_display": "100"}, "missing_lines": [], "excluded_lines": [], "start_line": 83}, "get_experiment_progress": {"executed_lines": [119, 121, 122, 123, 124, 126, 131, 132, 134, 135, 139, 140, 141, 147, 148, 149, 151], "summary": {"covered_lines": 17, "num_statements": 17, "percent_covered": 100.0, "percent_covered_display": "100", "missing_lines": 0, "excluded_lines": 0, "percent_statements_covered": 100.0, "percent_statements_covered_display": "100"}, "missing_lines": [], "excluded_lines": [], "start_line": 104}, "record_result_to_db": {"executed_lines": [173, 174, 186, 187, 188], "summary": {"covered_lines": 5, "num_statements": 5, "percent_covered": 100.0, "percent_covered_display": "100", "missing_lines": 0, "excluded_lines": 0, "percent_statements_covered": 100.0, "percent_statements_covered_display": "100"}, "missing_lines": [], "excluded_lines": [], "start_line": 163}, "create_experiment_in_db": {"executed_lines": [204, 206, 217, 218, 219, 221], "summary": {"covered_lines": 6, "num_statements": 6, "percent_covered": 100.0, "percent_covered_display": "100", "missing_lines": 0, "excluded_lines": 0, "percent_statements_covered": 100.0, "percent_statements_covered_display": "100"}, "missing_lines": [], "excluded_lines": [], "start_line": 191}, "": {"executed_lines": [5, 6, 7, 8, 9, 11, 13, 19, 22, 27, 30, 31, 33, 34, 35, 36, 37, 38, 39, 40, 43, 44, 46, 47, 48, 49, 50, 51, 52, 55, 56, 59, 60, 63, 83, 104, 163, 191], "summary": {"covered_lines": 38, "num_statements": 38, "percent_covered": 100.0, "percent_covered_display": "100", "missing_lines": 0, "excluded_lines": 0, "percent_statements_covered": 100.0, "percent_statements_covered_display": "100"}, "missing_lines": [], "excluded_lines": [], "start_line": 1}}, "classes": {"ExperimentResultData": {"executed_lines": [], "summary": {"covered_lines": 0, "num_statements": 0, "percent_covered": 100.0, "percent_covered_display": "100", "missing_lines": 0, "excluded_lines": 0, "percent_statements_covered": 100.0, "percent_statements_covered_display": "100"}, "missing_lines": [], "excluded_lines": [], "start_line": 31}, "ExperimentCreationData": {"executed_lines": [], "summary": {"covered_lines": 0, "num_statements": 0, "percent_covered": 100.0, "percent_covered_display": "100", "missing_lines": 0, "excluded_lines": 0, "percent_statements_covered": 100.0, "percent_statements_covered_display": "100"}, "missing_lines": [], "excluded_lines": [], "start_line": 44}, "": {"executed_lines": [5, 6, 7, 8, 9, 11, 13, 19, 22, 27, 30, 31, 33, 34, 35, 36, 37, 38, 39, 40, 43, 44, 46, 47, 48, 49, 50, 51, 52, 55, 56, 59, 60, 63, 73, 74, 75, 77, 78, 80, 83, 88, 90, 91, 92, 94, 104, 119, 121, 122, 123, 124, 126, 131, 132, 134, 135, 139, 140, 141, 147, 148, 149, 151, 163, 173, 174, 186, 187, 188, 191, 204, 206, 217, 218, 219, 221], "summary": {"covered_lines": 77, "num_statements": 77, "percent_covered": 100.0, "percent_covered_display": "100", "missing_lines": 0, "excluded_lines": 0, "percent_statements_covered": 100.0, "percent_statements_covered_display": "100"}, "missing_lines": [], "excluded_lines": [], "start_line": 1}}}, "src/self_improvement/agents/__init__.py": {"executed_lines": [8, 10], "summary": {"covered_lines": 2, "num_statements": 2, "percent_covered": 100.0, "percent_covered_display": "100", "missing_lines": 0, "excluded_lines": 0, "percent_statements_covered": 100.0, "percent_statements_covered_display": "100"}, "missing_lines": [], "excluded_lines": [], "functions": {"": {"executed_lines": [8, 10], "summary": {"covered_lines": 2, "num_statements": 2, "percent_covered": 100.0, "percent_covered_display": "100", "missing_lines": 0, "excluded_lines": 0, "percent_statements_covered": 100.0, "percent_statements_covered_display": "100"}, "missing_lines": [], "excluded_lines": [], "start_line": 1}}, "classes": {"": {"executed_lines": [8, 10], "summary": {"covered_lines": 2, "num_statements": 2, "percent_covered": 100.0, "percent_covered_display": "100", "missing_lines": 0, "excluded_lines": 0, "percent_statements_covered": 100.0, "percent_statements_covered_display": "100"}, "missing_lines": [], "excluded_lines": [], "start_line": 1}}}, "src/self_improvement/agents/product_extractor.py": {"executed_lines": [15, 16, 17, 19, 22, 25, 26, 27, 28, 31, 32, 33, 34, 37, 64, 84, 85, 87, 88, 90, 91, 93, 94, 96, 97, 98, 105, 144, 147, 148, 151, 153, 155, 157, 163, 174, 176, 181, 183, 198, 199, 202, 203, 208, 209, 211, 228, 238, 242, 243, 244, 245, 246, 247, 248, 249, 250, 251, 253, 272, 273, 278, 281, 284, 285, 286, 287, 288, 290, 292, 295, 296, 297, 298, 299, 300, 301, 302, 303, 304, 305, 306, 309, 310, 311, 312, 314, 316, 318, 328, 331, 332, 334, 336, 338, 339, 341, 342, 345, 346, 347, 348, 349, 350, 351, 354, 358, 360, 361, 362, 364, 366], "summary": {"covered_lines": 112, "num_statements": 117, "percent_covered": 95.72649572649573, "percent_covered_display": "96", "missing_lines": 5, "excluded_lines": 0, "percent_statements_covered": 95.72649572649573, "percent_statements_covered_display": "96"}, "missing_lines": [239, 352, 353, 355, 356], "excluded_lines": [], "functions": {"ProductExtractorAgent.__init__": {"executed_lines": [84, 85, 87, 88, 90, 91, 93, 94, 96, 97, 98], "summary": {"covered_lines": 11, "num_statements": 11, "percent_covered": 100.0, "percent_covered_display": "100", "missing_lines": 0, "excluded_lines": 0, "percent_statements_covered": 100.0, "percent_statements_covered_display": "100"}, "missing_lines": [], "excluded_lines": [], "start_line": 64}, "ProductExtractorAgent.extract": {"executed_lines": [144, 147, 148, 151, 153, 155, 157, 163, 174, 176, 181], "summary": {"covered_lines": 11, "num_statements": 11, "percent_covered": 100.0, "percent_covered_display": "100", "missing_lines": 0, "excluded_lines": 0, "percent_statements_covered": 100.0, "percent_statements_covered_display": "100"}, "missing_lines": [], "excluded_lines": [], "start_line": 105}, "ProductExtractorAgent._build_extraction_prompt": {"executed_lines": [198, 199, 202, 203, 208, 209, 211], "summary": {"covered_lines": 7, "num_statements": 7, "percent_covered": 100.0, "percent_covered_display": "100", "missing_lines": 0, "excluded_lines": 0, "percent_statements_covered": 100.0, "percent_statements_covered_display": "100"}, "missing_lines": [], "excluded_lines": [], "start_line": 183}, "ProductExtractorAgent._validate_json_safety": {"executed_lines": [238, 242, 243, 244, 245, 246, 247, 248, 249, 250, 251], "summary": {"covered_lines": 11, "num_statements": 12, "percent_covered": 91.66666666666667, "percent_covered_display": "92", "missing_lines": 1, "excluded_lines": 0, "percent_statements_covered": 91.66666666666667, "percent_statements_covered_display": "92"}, "missing_lines": [239], "excluded_lines": [], "start_line": 228}, "ProductExtractorAgent._parse_response": {"executed_lines": [272, 273, 278, 281, 284, 285, 286, 287, 288], "summary": {"covered_lines": 9, "num_statements": 9, "percent_covered": 100.0, "percent_covered_display": "100", "missing_lines": 0, "excluded_lines": 0, "percent_statements_covered": 100.0, "percent_statements_covered_display": "100"}, "missing_lines": [], "excluded_lines": [], "start_line": 253}, "ProductExtractorAgent._extract_json_from_response": {"executed_lines": [292, 295, 296, 297, 298, 299, 300, 301, 302, 303, 304, 305, 306, 309, 310, 311, 312, 314], "summary": {"covered_lines": 18, "num_statements": 18, "percent_covered": 100.0, "percent_covered_display": "100", "missing_lines": 0, "excluded_lines": 0, "percent_statements_covered": 100.0, "percent_statements_covered_display": "100"}, "missing_lines": [], "excluded_lines": [], "start_line": 290}, "ProductExtractorAgent._extract_product_fields": {"executed_lines": [318, 328, 331, 332, 334], "summary": {"covered_lines": 5, "num_statements": 5, "percent_covered": 100.0, "percent_covered_display": "100", "missing_lines": 0, "excluded_lines": 0, "percent_statements_covered": 100.0, "percent_statements_covered_display": "100"}, "missing_lines": [], "excluded_lines": [], "start_line": 316}, "ProductExtractorAgent._validate_price": {"executed_lines": [338, 339, 341, 342, 345, 346, 347, 348, 349, 350, 351, 354, 358, 360, 361, 362], "summary": {"covered_lines": 16, "num_statements": 20, "percent_covered": 80.0, "percent_covered_display": "80", "missing_lines": 4, "excluded_lines": 0, "percent_statements_covered": 80.0, "percent_statements_covered_display": "80"}, "missing_lines": [352, 353, 355, 356], "excluded_lines": [], "start_line": 336}, "ProductExtractorAgent.__repr__": {"executed_lines": [366], "summary": {"covered_lines": 1, "num_statements": 1, "percent_covered": 100.0, "percent_covered_display": "100", "missing_lines": 0, "excluded_lines": 0, "percent_statements_covered": 100.0, "percent_statements_covered_display": "100"}, "missing_lines": [], "excluded_lines": [], "start_line": 364}, "": {"executed_lines": [15, 16, 17, 19, 22, 25, 26, 27, 28, 31, 32, 33, 34, 37, 64, 105, 183, 228, 253, 290, 316, 336, 364], "summary": {"covered_lines": 23, "num_statements": 23, "percent_covered": 100.0, "percent_covered_display": "100", "missing_lines": 0, "excluded_lines": 0, "percent_statements_covered": 100.0, "percent_statements_covered_display": "100"}, "missing_lines": [], "excluded_lines": [], "start_line": 1}}, "classes": {"ProductExtractorAgent": {"executed_lines": [84, 85, 87, 88, 90, 91, 93, 94, 96, 97, 98, 144, 147, 148, 151, 153, 155, 157, 163, 174, 176, 181, 198, 199, 202, 203, 208, 209, 211, 238, 242, 243, 244, 245, 246, 247, 248, 249, 250, 251, 272, 273, 278, 281, 284, 285, 286, 287, 288, 292, 295, 296, 297, 298, 299, 300, 301, 302, 303, 304, 305, 306, 309, 310, 311, 312, 314, 318, 328, 331, 332, 334, 338, 339, 341, 342, 345, 346, 347, 348, 349, 350, 351, 354, 358, 360, 361, 362, 366], "summary": {"covered_lines": 89, "num_statements": 94, "percent_covered": 94.68085106382979, "percent_covered_display": "95", "missing_lines": 5, "excluded_lines": 0, "percent_statements_covered": 94.68085106382979, "percent_statements_covered_display": "95"}, "missing_lines": [239, 352, 353, 355, 356], "excluded_lines": [], "start_line": 37}, "": {"executed_lines": [15, 16, 17, 19, 22, 25, 26, 27, 28, 31, 32, 33, 34, 37, 64, 105, 183, 228, 253, 290, 316, 336, 364], "summary": {"covered_lines": 23, "num_statements": 23, "percent_covered": 100.0, "percent_covered_display": "100", "missing_lines": 0, "excluded_lines": 0, "percent_statements_covered": 100.0, "percent_statements_covered_display": "100"}, "missing_lines": [], "excluded_lines": [], "start_line": 1}}}, "src/self_improvement/baseline_storage.py": {"executed_lines": [14, 15, 16, 17, 18, 19, 21, 22, 24, 27, 30, 32, 35, 52, 62, 65, 66, 68, 69, 72, 74, 76, 100, 103, 104, 110, 111, 114, 116, 118, 119, 120, 122, 123, 124, 126, 132, 140, 162, 164, 165, 166, 168, 170, 171, 172, 174, 175, 176, 178, 180, 185, 193, 215, 217, 218, 219, 221, 223, 226, 227, 228, 236, 247, 249, 251, 254, 255, 257, 258, 260], "summary": {"covered_lines": 71, "num_statements": 89, "percent_covered": 79.7752808988764, "percent_covered_display": "80", "missing_lines": 18, "excluded_lines": 0, "percent_statements_covered": 79.7752808988764, "percent_statements_covered_display": "80"}, "missing_lines": [134, 135, 136, 137, 138, 187, 188, 189, 190, 191, 224, 230, 231, 232, 233, 234, 277, 278], "excluded_lines": [], "functions": {"BaselineStorage.__init__": {"executed_lines": [62, 65, 66, 68, 69, 72, 74], "summary": {"covered_lines": 7, "num_statements": 7, "percent_covered": 100.0, "percent_covered_display": "100", "missing_lines": 0, "excluded_lines": 0, "percent_statements_covered": 100.0, "percent_statements_covered_display": "100"}, "missing_lines": [], "excluded_lines": [], "start_line": 52}, "BaselineStorage.store": {"executed_lines": [100, 103, 104, 110, 111, 114, 116, 118, 119, 120, 122, 123, 124, 126, 132], "summary": {"covered_lines": 15, "num_statements": 20, "percent_covered": 75.0, "percent_covered_display": "75", "missing_lines": 5, "excluded_lines": 0, "percent_statements_covered": 75.0, "percent_statements_covered_display": "75"}, "missing_lines": [134, 135, 136, 137, 138], "excluded_lines": [], "start_line": 76}, "BaselineStorage.retrieve": {"executed_lines": [162, 164, 165, 166, 168, 170, 171, 172, 174, 175, 176, 178, 180, 185], "summary": {"covered_lines": 14, "num_statements": 19, "percent_covered": 73.6842105263158, "percent_covered_display": "74", "missing_lines": 5, "excluded_lines": 0, "percent_statements_covered": 73.6842105263158, "percent_statements_covered_display": "74"}, "missing_lines": [187, 188, 189, 190, 191], "excluded_lines": [], "start_line": 140}, "BaselineStorage.delete": {"executed_lines": [215, 217, 218, 219, 221, 223, 226, 227, 228], "summary": {"covered_lines": 9, "num_statements": 15, "percent_covered": 60.0, "percent_covered_display": "60", "missing_lines": 6, "excluded_lines": 0, "percent_statements_covered": 60.0, "percent_statements_covered_display": "60"}, "missing_lines": [224, 230, 231, 232, 233, 234], "excluded_lines": [], "start_line": 193}, "BaselineStorage.list_all": {"executed_lines": [247, 249, 251, 254, 255, 257, 258], "summary": {"covered_lines": 7, "num_statements": 7, "percent_covered": 100.0, "percent_covered_display": "100", "missing_lines": 0, "excluded_lines": 0, "percent_statements_covered": 100.0, "percent_statements_covered_display": "100"}, "missing_lines": [], "excluded_lines": [], "start_line": 236}, "BaselineStorage.exists": {"executed_lines": [], "summary": {"covered_lines": 0, "num_statements": 2, "percent_covered": 0.0, "percent_covered_display": "0", "missing_lines": 2, "excluded_lines": 0, "percent_statements_covered": 0.0, "percent_statements_covered_display": "0"}, "missing_lines": [277, 278], "excluded_lines": [], "start_line": 260}, "": {"executed_lines": [14, 15, 16, 17, 18, 19, 21, 22, 24, 27, 30, 32, 35, 52, 76, 140, 193, 236, 260], "summary": {"covered_lines": 19, "num_statements": 19, "percent_covered": 100.0, "percent_covered_display": "100", "missing_lines": 0, "excluded_lines": 0, "percent_statements_covered": 100.0, "percent_statements_covered_display": "100"}, "missing_lines": [], "excluded_lines": [], "start_line": 1}}, "classes": {"BaselineStorageError": {"executed_lines": [], "summary": {"covered_lines": 0, "num_statements": 0, "percent_covered": 100.0, "percent_covered_display": "100", "missing_lines": 0, "excluded_lines": 0, "percent_statements_covered": 100.0, "percent_statements_covered_display": "100"}, "missing_lines": [], "excluded_lines": [], "start_line": 30}, "BaselineStorage": {"executed_lines": [62, 65, 66, 68, 69, 72, 74, 100, 103, 104, 110, 111, 114, 116, 118, 119, 120, 122, 123, 124, 126, 132, 162, 164, 165, 166, 168, 170, 171, 172, 174, 175, 176, 178, 180, 185, 215, 217, 218, 219, 221, 223, 226, 227, 228, 247, 249, 251, 254, 255, 257, 258], "summary": {"covered_lines": 52, "num_statements": 70, "percent_covered": 74.28571428571429, "percent_covered_display": "74", "missing_lines": 18, "excluded_lines": 0, "percent_statements_covered": 74.28571428571429, "percent_statements_covered_display": "74"}, "missing_lines": [134, 135, 136, 137, 138, 187, 188, 189, 190, 191, 224, 230, 231, 232, 233, 234, 277, 278], "excluded_lines": [], "start_line": 35}, "": {"executed_lines": [14, 15, 16, 17, 18, 19, 21, 22, 24, 27, 30, 32, 35, 52, 76, 140, 193, 236, 260], "summary": {"covered_lines": 19, "num_statements": 19, "percent_covered": 100.0, "percent_covered_display": "100", "missing_lines": 0, "excluded_lines": 0, "percent_statements_covered": 100.0, "percent_statements_covered_display": "100"}, "missing_lines": [], "excluded_lines": [], "start_line": 1}}}, "src/self_improvement/cli.py": {"executed_lines": [20, 21, 22, 23, 24, 25, 27, 28, 29, 30, 31, 33, 36, 37, 38, 40, 41, 44, 48, 51, 52, 55, 56, 57, 58, 61, 64, 66, 68, 79, 82, 85, 87, 89, 90, 92, 93, 94, 95, 98, 99, 101, 102, 103, 105, 107, 108, 109, 110, 111, 113, 114, 115, 116, 118, 129, 130, 132, 133, 135, 136, 142, 143, 144, 146, 147, 148, 149, 150, 151, 153, 155, 156, 157, 158, 160, 171, 173, 183, 185, 187, 190, 191, 192, 193, 195, 196, 197, 198, 199, 201, 205, 206, 207, 209, 211, 221, 223, 225, 227, 228, 229, 230, 232, 233, 234, 235, 236, 237, 239, 240, 241, 242, 244, 245, 246, 248, 249, 251, 253, 263, 265, 267, 269, 270, 271, 272, 273, 274, 275, 277, 287, 289, 291, 293, 294, 295, 296, 301, 312, 313, 314, 315, 317, 319, 321, 323, 324, 325, 326, 331, 338, 340, 342, 344, 346, 347, 349, 350, 351, 352, 354, 356, 366, 368, 369, 371, 372, 374, 377, 383, 385, 386, 387, 389, 390, 391, 392, 393, 396, 397, 398, 399, 400, 404, 406, 413, 414, 425, 427, 437, 438, 440, 441, 442, 443, 445, 446, 447, 448, 449, 450, 451, 454, 456, 475, 478, 479, 480, 483, 484, 485, 488, 489, 490, 493, 494, 497, 498, 501, 502, 505, 506, 509, 510, 513, 516, 517, 520, 522, 525, 527, 541, 542, 543, 547, 549, 550, 552, 553, 554, 556, 557, 560], "summary": {"covered_lines": 244, "num_statements": 255, "percent_covered": 95.68627450980392, "percent_covered_display": "96", "missing_lines": 11, "excluded_lines": 0, "percent_statements_covered": 95.68627450980392, "percent_statements_covered_display": "96"}, "missing_lines": [202, 297, 298, 299, 327, 328, 329, 401, 402, 544, 561], "excluded_lines": [], "functions": {"M5CLI.__init__": {"executed_lines": [66], "summary": {"covered_lines": 1, "num_statements": 1, "percent_covered": 100.0, "percent_covered_display": "100", "missing_lines": 0, "excluded_lines": 0, "percent_statements_covered": 100.0, "percent_statements_covered_display": "100"}, "missing_lines": [], "excluded_lines": [], "start_line": 64}, "M5CLI.run_iteration": {"executed_lines": [79, 82, 85, 87, 89, 90, 92, 93, 94, 95, 98, 99, 101, 102, 103, 105, 107, 108, 109, 110, 111, 113, 114, 115, 116], "summary": {"covered_lines": 25, "num_statements": 25, "percent_covered": 100.0, "percent_covered_display": "100", "missing_lines": 0, "excluded_lines": 0, "percent_statements_covered": 100.0, "percent_statements_covered_display": "100"}, "missing_lines": [], "excluded_lines": [], "start_line": 68}, "M5CLI.analyze": {"executed_lines": [129, 130, 132, 133, 135, 136, 142, 143, 144, 146, 147, 148, 149, 150, 151, 153, 155, 156, 157, 158], "summary": {"covered_lines": 20, "num_statements": 20, "percent_covered": 100.0, "percent_covered_display": "100", "missing_lines": 0, "excluded_lines": 0, "percent_statements_covered": 100.0, "percent_statements_covered_display": "100"}, "missing_lines": [], "excluded_lines": [], "start_line": 118}, "M5CLI.optimize": {"executed_lines": [171], "summary": {"covered_lines": 1, "num_statements": 1, "percent_covered": 100.0, "percent_covered_display": "100", "missing_lines": 0, "excluded_lines": 0, "percent_statements_covered": 100.0, "percent_statements_covered_display": "100"}, "missing_lines": [], "excluded_lines": [], "start_line": 160}, "M5CLI.status": {"executed_lines": [183, 185, 187, 190, 191, 192, 193, 195, 196, 197, 198, 199, 201, 205, 206, 207, 209], "summary": {"covered_lines": 17, "num_statements": 18, "percent_covered": 94.44444444444444, "percent_covered_display": "94", "missing_lines": 1, "excluded_lines": 0, "percent_statements_covered": 94.44444444444444, "percent_statements_covered_display": "94"}, "missing_lines": [202], "excluded_lines": [], "start_line": 173}, "M5CLI.metrics": {"executed_lines": [221, 223, 225, 227, 228, 229, 230, 232, 233, 234, 235, 236, 237, 239, 240, 241, 242, 244, 245, 246, 248, 249, 251], "summary": {"covered_lines": 23, "num_statements": 23, "percent_covered": 100.0, "percent_covered_display": "100", "missing_lines": 0, "excluded_lines": 0, "percent_statements_covered": 100.0, "percent_statements_covered_display": "100"}, "missing_lines": [], "excluded_lines": [], "start_line": 211}, "M5CLI.pause": {"executed_lines": [263, 265, 267, 269, 270, 271, 272, 273, 274, 275], "summary": {"covered_lines": 10, "num_statements": 10, "percent_covered": 100.0, "percent_covered_display": "100", "missing_lines": 0, "excluded_lines": 0, "percent_statements_covered": 100.0, "percent_statements_covered_display": "100"}, "missing_lines": [], "excluded_lines": [], "start_line": 253}, "M5CLI.resume": {"executed_lines": [287, 289, 291, 293, 294, 295, 296], "summary": {"covered_lines": 7, "num_statements": 10, "percent_covered": 70.0, "percent_covered_display": "70", "missing_lines": 3, "excluded_lines": 0, "percent_statements_covered": 70.0, "percent_statements_covered_display": "70"}, "missing_lines": [297, 298, 299], "excluded_lines": [], "start_line": 277}, "M5CLI.reset": {"executed_lines": [312, 313, 314, 315, 317, 319, 321, 323, 324, 325, 326], "summary": {"covered_lines": 11, "num_statements": 14, "percent_covered": 78.57142857142857, "percent_covered_display": "79", "missing_lines": 3, "excluded_lines": 0, "percent_statements_covered": 78.57142857142857, "percent_statements_covered_display": "79"}, "missing_lines": [327, 328, 329], "excluded_lines": [], "start_line": 301}, "M5CLI.health": {"executed_lines": [338, 340, 342, 344, 346, 347, 349, 350, 351, 352, 354], "summary": {"covered_lines": 11, "num_statements": 11, "percent_covered": 100.0, "percent_covered_display": "100", "missing_lines": 0, "excluded_lines": 0, "percent_statements_covered": 100.0, "percent_statements_covered_display": "100"}, "missing_lines": [], "excluded_lines": [], "start_line": 331}, "M5CLI.check_experiments": {"executed_lines": [366, 368, 369, 371, 372, 374, 377, 383, 385, 386, 387, 389, 390, 391, 392, 393, 396, 397, 398, 399, 400, 404], "summary": {"covered_lines": 22, "num_statements": 24, "percent_covered": 91.66666666666667, "percent_covered_display": "92", "missing_lines": 2, "excluded_lines": 0, "percent_statements_covered": 91.66666666666667, "percent_statements_covered_display": "92"}, "missing_lines": [401, 402], "excluded_lines": [], "start_line": 356}, "M5CLI.list_agents": {"executed_lines": [413, 414, 425], "summary": {"covered_lines": 3, "num_statements": 3, "percent_covered": 100.0, "percent_covered_display": "100", "missing_lines": 0, "excluded_lines": 0, "percent_statements_covered": 100.0, "percent_statements_covered_display": "100"}, "missing_lines": [], "excluded_lines": [], "start_line": 406}, "M5CLI._load_config": {"executed_lines": [437, 438, 440, 441, 442, 443, 445, 446, 447, 448, 449, 450, 451], "summary": {"covered_lines": 13, "num_statements": 13, "percent_covered": 100.0, "percent_covered_display": "100", "missing_lines": 0, "excluded_lines": 0, "percent_statements_covered": 100.0, "percent_statements_covered_display": "100"}, "missing_lines": [], "excluded_lines": [], "start_line": 427}, "_setup_argparse": {"executed_lines": [456, 475, 478, 479, 480, 483, 484, 485, 488, 489, 490, 493, 494, 497, 498, 501, 502, 505, 506, 509, 510, 513, 516, 517, 520, 522], "summary": {"covered_lines": 26, "num_statements": 26, "percent_covered": 100.0, "percent_covered_display": "100", "missing_lines": 0, "excluded_lines": 0, "percent_statements_covered": 100.0, "percent_statements_covered_display": "100"}, "missing_lines": [], "excluded_lines": [], "start_line": 454}, "_route_command": {"executed_lines": [527, 541, 542, 543], "summary": {"covered_lines": 4, "num_statements": 5, "percent_covered": 80.0, "percent_covered_display": "80", "missing_lines": 1, "excluded_lines": 0, "percent_statements_covered": 80.0, "percent_statements_covered_display": "80"}, "missing_lines": [544], "excluded_lines": [], "start_line": 525}, "main": {"executed_lines": [549, 550, 552, 553, 554, 556, 557], "summary": {"covered_lines": 7, "num_statements": 7, "percent_covered": 100.0, "percent_covered_display": "100", "missing_lines": 0, "excluded_lines": 0, "percent_statements_covered": 100.0, "percent_statements_covered_display": "100"}, "missing_lines": [], "excluded_lines": [], "start_line": 547}, "": {"executed_lines": [20, 21, 22, 23, 24, 25, 27, 28, 29, 30, 31, 33, 36, 37, 38, 40, 41, 44, 48, 51, 52, 55, 56, 57, 58, 61, 64, 68, 118, 160, 173, 211, 253, 277, 301, 331, 356, 406, 427, 454, 525, 547, 560], "summary": {"covered_lines": 43, "num_statements": 44, "percent_covered": 97.72727272727273, "percent_covered_display": "98", "missing_lines": 1, "excluded_lines": 0, "percent_statements_covered": 97.72727272727273, "percent_statements_covered_display": "98"}, "missing_lines": [561], "excluded_lines": [], "start_line": 1}}, "classes": {"M5CLI": {"executed_lines": [66, 79, 82, 85, 87, 89, 90, 92, 93, 94, 95, 98, 99, 101, 102, 103, 105, 107, 108, 109, 110, 111, 113, 114, 115, 116, 129, 130, 132, 133, 135, 136, 142, 143, 144, 146, 147, 148, 149, 150, 151, 153, 155, 156, 157, 158, 171, 183, 185, 187, 190, 191, 192, 193, 195, 196, 197, 198, 199, 201, 205, 206, 207, 209, 221, 223, 225, 227, 228, 229, 230, 232, 233, 234, 235, 236, 237, 239, 240, 241, 242, 244, 245, 246, 248, 249, 251, 263, 265, 267, 269, 270, 271, 272, 273, 274, 275, 287, 289, 291, 293, 294, 295, 296, 312, 313, 314, 315, 317, 319, 321, 323, 324, 325, 326, 338, 340, 342, 344, 346, 347, 349, 350, 351, 352, 354, 366, 368, 369, 371, 372, 374, 377, 383, 385, 386, 387, 389, 390, 391, 392, 393, 396, 397, 398, 399, 400, 404, 413, 414, 425, 437, 438, 440, 441, 442, 443, 445, 446, 447, 448, 449, 450, 451], "summary": {"covered_lines": 164, "num_statements": 173, "percent_covered": 94.79768786127168, "percent_covered_display": "95", "missing_lines": 9, "excluded_lines": 0, "percent_statements_covered": 94.79768786127168, "percent_statements_covered_display": "95"}, "missing_lines": [202, 297, 298, 299, 327, 328, 329, 401, 402], "excluded_lines": [], "start_line": 61}, "": {"executed_lines": [20, 21, 22, 23, 24, 25, 27, 28, 29, 30, 31, 33, 36, 37, 38, 40, 41, 44, 48, 51, 52, 55, 56, 57, 58, 61, 64, 68, 118, 160, 173, 211, 253, 277, 301, 331, 356, 406, 427, 454, 456, 475, 478, 479, 480, 483, 484, 485, 488, 489, 490, 493, 494, 497, 498, 501, 502, 505, 506, 509, 510, 513, 516, 517, 520, 522, 525, 527, 541, 542, 543, 547, 549, 550, 552, 553, 554, 556, 557, 560], "summary": {"covered_lines": 80, "num_statements": 82, "percent_covered": 97.5609756097561, "percent_covered_display": "98", "missing_lines": 2, "excluded_lines": 0, "percent_statements_covered": 97.5609756097561, "percent_statements_covered_display": "98"}, "missing_lines": [544, 561], "excluded_lines": [], "start_line": 1}}}, "src/self_improvement/constants.py": {"executed_lines": [8, 18, 19, 20, 21, 22, 25, 26, 27, 30, 31, 37, 38, 39, 40, 41, 42, 43, 44, 51, 52, 53, 56, 57, 58, 59, 60, 63, 64, 65, 66, 67, 74, 75, 76, 77, 78, 81, 82, 83, 84, 87, 88, 89, 90, 97, 98, 99, 100, 103, 104, 105, 106, 109, 110, 111, 118, 119, 120, 121, 124, 125, 126, 127, 134, 135, 136, 137, 138, 139, 142, 143, 144, 145, 146, 149, 150, 151, 158, 159, 160, 161, 164, 165, 166, 167, 168, 171, 178, 179, 180, 181, 182, 183, 184, 185, 186, 187, 188, 189, 192, 193, 194, 195, 196, 197, 200, 201, 202, 203, 204, 205, 208, 209, 210, 211, 212, 215, 216, 217, 218, 219, 222, 223, 226, 227, 230, 231, 232, 238, 239, 240, 241, 242, 243, 249, 250, 256, 257, 258, 261, 262, 268, 269, 272, 273, 274, 280, 281, 282, 283, 284, 285, 286, 292, 293, 299, 300, 301, 302, 303, 304, 305, 306, 307, 308, 309, 310, 316, 317, 323, 329, 330], "summary": {"covered_lines": 173, "num_statements": 173, "percent_covered": 100.0, "percent_covered_display": "100", "missing_lines": 0, "excluded_lines": 0, "percent_statements_covered": 100.0, "percent_statements_covered_display": "100"}, "missing_lines": [], "excluded_lines": [], "functions": {"": {"executed_lines": [8, 18, 19, 20, 21, 22, 25, 26, 27, 30, 31, 37, 38, 39, 40, 41, 42, 43, 44, 51, 52, 53, 56, 57, 58, 59, 60, 63, 64, 65, 66, 67, 74, 75, 76, 77, 78, 81, 82, 83, 84, 87, 88, 89, 90, 97, 98, 99, 100, 103, 104, 105, 106, 109, 110, 111, 118, 119, 120, 121, 124, 125, 126, 127, 134, 135, 136, 137, 138, 139, 142, 143, 144, 145, 146, 149, 150, 151, 158, 159, 160, 161, 164, 165, 166, 167, 168, 171, 178, 179, 180, 181, 182, 183, 184, 185, 186, 187, 188, 189, 192, 193, 194, 195, 196, 197, 200, 201, 202, 203, 204, 205, 208, 209, 210, 211, 212, 215, 216, 217, 218, 219, 222, 223, 226, 227, 230, 231, 232, 238, 239, 240, 241, 242, 243, 249, 250, 256, 257, 258, 261, 262, 268, 269, 272, 273, 274, 280, 281, 282, 283, 284, 285, 286, 292, 293, 299, 300, 301, 302, 303, 304, 305, 306, 307, 308, 309, 310, 316, 317, 323, 329, 330], "summary": {"covered_lines": 173, "num_statements": 173, "percent_covered": 100.0, "percent_covered_display": "100", "missing_lines": 0, "excluded_lines": 0, "percent_statements_covered": 100.0, "percent_statements_covered_display": "100"}, "missing_lines": [], "excluded_lines": [], "start_line": 1}}, "classes": {"": {"executed_lines": [8, 18, 19, 20, 21, 22, 25, 26, 27, 30, 31, 37, 38, 39, 40, 41, 42, 43, 44, 51, 52, 53, 56, 57, 58, 59, 60, 63, 64, 65, 66, 67, 74, 75, 76, 77, 78, 81, 82, 83, 84, 87, 88, 89, 90, 97, 98, 99, 100, 103, 104, 105, 106, 109, 110, 111, 118, 119, 120, 121, 124, 125, 126, 127, 134, 135, 136, 137, 138, 139, 142, 143, 144, 145, 146, 149, 150, 151, 158, 159, 160, 161, 164, 165, 166, 167, 168, 171, 178, 179, 180, 181, 182, 183, 184, 185, 186, 187, 188, 189, 192, 193, 194, 195, 196, 197, 200, 201, 202, 203, 204, 205, 208, 209, 210, 211, 212, 215, 216, 217, 218, 219, 222, 223, 226, 227, 230, 231, 232, 238, 239, 240, 241, 242, 243, 249, 250, 256, 257, 258, 261, 262, 268, 269, 272, 273, 274, 280, 281, 282, 283, 284, 285, 286, 292, 293, 299, 300, 301, 302, 303, 304, 305, 306, 307, 308, 309, 310, 316, 317, 323, 329, 330], "summary": {"covered_lines": 173, "num_statements": 173, "percent_covered": 100.0, "percent_covered_display": "100", "missing_lines": 0, "excluded_lines": 0, "percent_statements_covered": 100.0, "percent_statements_covered_display": "100"}, "missing_lines": [], "excluded_lines": [], "start_line": 1}}}, "src/self_improvement/data_models.py": {"executed_lines": [7, 8, 9, 11, 12, 13, 18, 19, 35, 38, 39, 71, 74, 75, 78, 81, 85, 88, 89, 91, 93, 94, 96, 98, 100, 102, 104, 115, 116, 118, 130, 131, 145, 146, 149, 159, 170, 178, 185, 192, 194, 208, 210, 221, 222, 224, 236, 237, 251, 252, 255, 258, 259, 262, 263, 264, 265, 267, 280, 281, 282, 283, 285, 287, 289, 291, 293, 295, 297, 299, 311, 312, 314, 327, 328, 341, 342, 343, 344, 347, 348, 349, 350, 353, 354, 356, 358, 371, 372, 374, 388, 389, 402, 403, 406, 407, 410, 411, 412, 415, 416, 418, 420, 422, 436, 437, 452, 453, 479, 480, 481, 482, 485, 486, 489, 490, 491, 492, 495, 496, 499, 500, 502, 521, 522], "summary": {"covered_lines": 125, "num_statements": 132, "percent_covered": 94.6969696969697, "percent_covered_display": "95", "missing_lines": 7, "excluded_lines": 1, "percent_statements_covered": 94.6969696969697, "percent_statements_covered_display": "95"}, "missing_lines": [95, 196, 197, 424, 439, 504, 524], "excluded_lines": [268], "functions": {"AgentPerformanceProfile.get_metric": {"executed_lines": [93, 94, 96], "summary": {"covered_lines": 3, "num_statements": 4, "percent_covered": 75.0, "percent_covered_display": "75", "missing_lines": 1, "excluded_lines": 0, "percent_statements_covered": 75.0, "percent_statements_covered_display": "75"}, "missing_lines": [95], "excluded_lines": [], "start_line": 91}, "AgentPerformanceProfile.has_metric": {"executed_lines": [100], "summary": {"covered_lines": 1, "num_statements": 1, "percent_covered": 100.0, "percent_covered_display": "100", "missing_lines": 0, "excluded_lines": 0, "percent_statements_covered": 100.0, "percent_statements_covered_display": "100"}, "missing_lines": [], "excluded_lines": [], "start_line": 98}, "AgentPerformanceProfile.to_dict": {"executed_lines": [104], "summary": {"covered_lines": 1, "num_statements": 1, "percent_covered": 100.0, "percent_covered_display": "100", "missing_lines": 0, "excluded_lines": 0, "percent_statements_covered": 100.0, "percent_statements_covered_display": "100"}, "missing_lines": [], "excluded_lines": [], "start_line": 102}, "AgentPerformanceProfile.from_dict": {"executed_lines": [118], "summary": {"covered_lines": 1, "num_statements": 1, "percent_covered": 100.0, "percent_covered_display": "100", "missing_lines": 0, "excluded_lines": 0, "percent_statements_covered": 100.0, "percent_statements_covered_display": "100"}, "missing_lines": [], "excluded_lines": [], "start_line": 116}, "SIOptimizationConfig.copy": {"executed_lines": [], "summary": {"covered_lines": 0, "num_statements": 2, "percent_covered": 0.0, "percent_covered_display": "0", "missing_lines": 2, "excluded_lines": 0, "percent_statements_covered": 0.0, "percent_statements_covered_display": "0"}, "missing_lines": [196, 197], "excluded_lines": [], "start_line": 194}, "SIOptimizationConfig.to_dict": {"executed_lines": [210], "summary": {"covered_lines": 1, "num_statements": 1, "percent_covered": 100.0, "percent_covered_display": "100", "missing_lines": 0, "excluded_lines": 0, "percent_statements_covered": 100.0, "percent_statements_covered_display": "100"}, "missing_lines": [], "excluded_lines": [], "start_line": 208}, "SIOptimizationConfig.from_dict": {"executed_lines": [224], "summary": {"covered_lines": 1, "num_statements": 1, "percent_covered": 100.0, "percent_covered_display": "100", "missing_lines": 0, "excluded_lines": 0, "percent_statements_covered": 100.0, "percent_statements_covered_display": "100"}, "missing_lines": [], "excluded_lines": [], "start_line": 222}, "SelfImprovementExperiment.get_all_configs": {"executed_lines": [280, 281, 282, 283], "summary": {"covered_lines": 4, "num_statements": 4, "percent_covered": 100.0, "percent_covered_display": "100", "missing_lines": 0, "excluded_lines": 1, "percent_statements_covered": 100.0, "percent_statements_covered_display": "100"}, "missing_lines": [], "excluded_lines": [268], "start_line": 267}, "SelfImprovementExperiment.get_variant_count": {"executed_lines": [287], "summary": {"covered_lines": 1, "num_statements": 1, "percent_covered": 100.0, "percent_covered_display": "100", "missing_lines": 0, "excluded_lines": 0, "percent_statements_covered": 100.0, "percent_statements_covered_display": "100"}, "missing_lines": [], "excluded_lines": [], "start_line": 285}, "SelfImprovementExperiment.is_running": {"executed_lines": [291], "summary": {"covered_lines": 1, "num_statements": 1, "percent_covered": 100.0, "percent_covered_display": "100", "missing_lines": 0, "excluded_lines": 0, "percent_statements_covered": 100.0, "percent_statements_covered_display": "100"}, "missing_lines": [], "excluded_lines": [], "start_line": 289}, "SelfImprovementExperiment.is_completed": {"executed_lines": [295], "summary": {"covered_lines": 1, "num_statements": 1, "percent_covered": 100.0, "percent_covered_display": "100", "missing_lines": 0, "excluded_lines": 0, "percent_statements_covered": 100.0, "percent_statements_covered_display": "100"}, "missing_lines": [], "excluded_lines": [], "start_line": 293}, "SelfImprovementExperiment.to_dict": {"executed_lines": [299], "summary": {"covered_lines": 1, "num_statements": 1, "percent_covered": 100.0, "percent_covered_display": "100", "missing_lines": 0, "excluded_lines": 0, "percent_statements_covered": 100.0, "percent_statements_covered_display": "100"}, "missing_lines": [], "excluded_lines": [], "start_line": 297}, "SelfImprovementExperiment.from_dict": {"executed_lines": [314], "summary": {"covered_lines": 1, "num_statements": 1, "percent_covered": 100.0, "percent_covered_display": "100", "missing_lines": 0, "excluded_lines": 0, "percent_statements_covered": 100.0, "percent_statements_covered_display": "100"}, "missing_lines": [], "excluded_lines": [], "start_line": 312}, "ExecutionResult.to_dict": {"executed_lines": [358], "summary": {"covered_lines": 1, "num_statements": 1, "percent_covered": 100.0, "percent_covered_display": "100", "missing_lines": 0, "excluded_lines": 0, "percent_statements_covered": 100.0, "percent_statements_covered_display": "100"}, "missing_lines": [], "excluded_lines": [], "start_line": 356}, "ExecutionResult.from_dict": {"executed_lines": [374], "summary": {"covered_lines": 1, "num_statements": 1, "percent_covered": 100.0, "percent_covered_display": "100", "missing_lines": 0, "excluded_lines": 0, "percent_statements_covered": 100.0, "percent_statements_covered_display": "100"}, "missing_lines": [], "excluded_lines": [], "start_line": 372}, "ConfigDeployment.is_rolled_back": {"executed_lines": [420], "summary": {"covered_lines": 1, "num_statements": 1, "percent_covered": 100.0, "percent_covered_display": "100", "missing_lines": 0, "excluded_lines": 0, "percent_statements_covered": 100.0, "percent_statements_covered_display": "100"}, "missing_lines": [], "excluded_lines": [], "start_line": 418}, "ConfigDeployment.to_dict": {"executed_lines": [], "summary": {"covered_lines": 0, "num_statements": 1, "percent_covered": 0.0, "percent_covered_display": "0", "missing_lines": 1, "excluded_lines": 0, "percent_statements_covered": 0.0, "percent_statements_covered_display": "0"}, "missing_lines": [424], "excluded_lines": [], "start_line": 422}, "ConfigDeployment.from_dict": {"executed_lines": [], "summary": {"covered_lines": 0, "num_statements": 1, "percent_covered": 0.0, "percent_covered_display": "0", "missing_lines": 1, "excluded_lines": 0, "percent_statements_covered": 0.0, "percent_statements_covered_display": "0"}, "missing_lines": [439], "excluded_lines": [], "start_line": 437}, "StrategyOutcome.to_dict": {"executed_lines": [], "summary": {"covered_lines": 0, "num_statements": 1, "percent_covered": 0.0, "percent_covered_display": "0", "missing_lines": 1, "excluded_lines": 0, "percent_statements_covered": 0.0, "percent_statements_covered_display": "0"}, "missing_lines": [504], "excluded_lines": [], "start_line": 502}, "StrategyOutcome.from_dict": {"executed_lines": [], "summary": {"covered_lines": 0, "num_statements": 1, "percent_covered": 0.0, "percent_covered_display": "0", "missing_lines": 1, "excluded_lines": 0, "percent_statements_covered": 0.0, "percent_statements_covered_display": "0"}, "missing_lines": [524], "excluded_lines": [], "start_line": 522}, "": {"executed_lines": [7, 8, 9, 11, 12, 13, 18, 19, 35, 38, 39, 71, 74, 75, 78, 81, 85, 88, 89, 91, 98, 102, 115, 116, 130, 131, 145, 146, 149, 159, 170, 178, 185, 192, 194, 208, 221, 222, 236, 237, 251, 252, 255, 258, 259, 262, 263, 264, 265, 267, 285, 289, 293, 297, 311, 312, 327, 328, 341, 342, 343, 344, 347, 348, 349, 350, 353, 354, 356, 371, 372, 388, 389, 402, 403, 406, 407, 410, 411, 412, 415, 416, 418, 422, 436, 437, 452, 453, 479, 480, 481, 482, 485, 486, 489, 490, 491, 492, 495, 496, 499, 500, 502, 521, 522], "summary": {"covered_lines": 105, "num_statements": 105, "percent_covered": 100.0, "percent_covered_display": "100", "missing_lines": 0, "excluded_lines": 0, "percent_statements_covered": 100.0, "percent_statements_covered_display": "100"}, "missing_lines": [], "excluded_lines": [], "start_line": 1}}, "classes": {"AgentPerformanceProfile": {"executed_lines": [93, 94, 96, 100, 104, 118], "summary": {"covered_lines": 6, "num_statements": 7, "percent_covered": 85.71428571428571, "percent_covered_display": "86", "missing_lines": 1, "excluded_lines": 0, "percent_statements_covered": 85.71428571428571, "percent_statements_covered_display": "86"}, "missing_lines": [95], "excluded_lines": [], "start_line": 39}, "SIOptimizationConfig": {"executed_lines": [210, 224], "summary": {"covered_lines": 2, "num_statements": 4, "percent_covered": 50.0, "percent_covered_display": "50", "missing_lines": 2, "excluded_lines": 0, "percent_statements_covered": 50.0, "percent_statements_covered_display": "50"}, "missing_lines": [196, 197], "excluded_lines": [], "start_line": 131}, "SelfImprovementExperiment": {"executed_lines": [280, 281, 282, 283, 287, 291, 295, 299, 314], "summary": {"covered_lines": 9, "num_statements": 9, "percent_covered": 100.0, "percent_covered_display": "100", "missing_lines": 0, "excluded_lines": 1, "percent_statements_covered": 100.0, "percent_statements_covered_display": "100"}, "missing_lines": [], "excluded_lines": [268], "start_line": 237}, "ExecutionResult": {"executed_lines": [358, 374], "summary": {"covered_lines": 2, "num_statements": 2, "percent_covered": 100.0, "percent_covered_display": "100", "missing_lines": 0, "excluded_lines": 0, "percent_statements_covered": 100.0, "percent_statements_covered_display": "100"}, "missing_lines": [], "excluded_lines": [], "start_line": 328}, "ConfigDeployment": {"executed_lines": [420], "summary": {"covered_lines": 1, "num_statements": 3, "percent_covered": 33.333333333333336, "percent_covered_display": "33", "missing_lines": 2, "excluded_lines": 0, "percent_statements_covered": 33.333333333333336, "percent_statements_covered_display": "33"}, "missing_lines": [424, 439], "excluded_lines": [], "start_line": 389}, "StrategyOutcome": {"executed_lines": [], "summary": {"covered_lines": 0, "num_statements": 2, "percent_covered": 0.0, "percent_covered_display": "0", "missing_lines": 2, "excluded_lines": 0, "percent_statements_covered": 0.0, "percent_statements_covered_display": "0"}, "missing_lines": [504, 524], "excluded_lines": [], "start_line": 453}, "": {"executed_lines": [7, 8, 9, 11, 12, 13, 18, 19, 35, 38, 39, 71, 74, 75, 78, 81, 85, 88, 89, 91, 98, 102, 115, 116, 130, 131, 145, 146, 149, 159, 170, 178, 185, 192, 194, 208, 221, 222, 236, 237, 251, 252, 255, 258, 259, 262, 263, 264, 265, 267, 285, 289, 293, 297, 311, 312, 327, 328, 341, 342, 343, 344, 347, 348, 349, 350, 353, 354, 356, 371, 372, 388, 389, 402, 403, 406, 407, 410, 411, 412, 415, 416, 418, 422, 436, 437, 452, 453, 479, 480, 481, 482, 485, 486, 489, 490, 491, 492, 495, 496, 499, 500, 502, 521, 522], "summary": {"covered_lines": 105, "num_statements": 105, "percent_covered": 100.0, "percent_covered_display": "100", "missing_lines": 0, "excluded_lines": 0, "percent_statements_covered": 100.0, "percent_statements_covered_display": "100"}, "missing_lines": [], "excluded_lines": [], "start_line": 1}}}, "src/self_improvement/deployment/__init__.py": {"executed_lines": [7, 8, 13], "summary": {"covered_lines": 3, "num_statements": 3, "percent_covered": 100.0, "percent_covered_display": "100", "missing_lines": 0, "excluded_lines": 0, "percent_statements_covered": 100.0, "percent_statements_covered_display": "100"}, "missing_lines": [], "excluded_lines": [], "functions": {"": {"executed_lines": [7, 8, 13], "summary": {"covered_lines": 3, "num_statements": 3, "percent_covered": 100.0, "percent_covered_display": "100", "missing_lines": 0, "excluded_lines": 0, "percent_statements_covered": 100.0, "percent_statements_covered_display": "100"}, "missing_lines": [], "excluded_lines": [], "start_line": 1}}, "classes": {"": {"executed_lines": [7, 8, 13], "summary": {"covered_lines": 3, "num_statements": 3, "percent_covered": 100.0, "percent_covered_display": "100", "missing_lines": 0, "excluded_lines": 0, "percent_statements_covered": 100.0, "percent_statements_covered_display": "100"}, "missing_lines": [], "excluded_lines": [], "start_line": 1}}}, "src/self_improvement/deployment/deployer.py": {"executed_lines": [9, 10, 11, 12, 13, 14, 16, 19, 20, 21, 28, 34, 37, 40, 42, 45, 59, 76, 77, 78, 79, 81, 107, 110, 114, 118, 127, 128, 131, 134, 167, 169, 178, 189, 190, 191, 193, 195, 207, 208, 209, 211, 212, 215, 217, 222, 231, 235, 246, 257, 258, 259, 262, 264, 274, 285, 286, 288, 289, 309, 363, 399, 433, 454, 464, 465, 467, 475, 495, 509], "summary": {"covered_lines": 70, "num_statements": 99, "percent_covered": 70.70707070707071, "percent_covered_display": "71", "missing_lines": 29, "excluded_lines": 0, "percent_statements_covered": 70.70707070707071, "percent_statements_covered_display": "71"}, "missing_lines": [135, 144, 145, 146, 151, 152, 160, 161, 165, 337, 346, 359, 361, 387, 392, 397, 409, 437, 438, 439, 441, 442, 443, 444, 445, 446, 447, 449, 452], "excluded_lines": [], "functions": {"generate_id": {"executed_lines": [42], "summary": {"covered_lines": 1, "num_statements": 1, "percent_covered": 100.0, "percent_covered_display": "100", "missing_lines": 0, "excluded_lines": 0, "percent_statements_covered": 100.0, "percent_statements_covered_display": "100"}, "missing_lines": [], "excluded_lines": [], "start_line": 40}, "ConfigDeployer.__init__": {"executed_lines": [76, 77, 78, 79], "summary": {"covered_lines": 4, "num_statements": 4, "percent_covered": 100.0, "percent_covered_display": "100", "missing_lines": 0, "excluded_lines": 0, "percent_statements_covered": 100.0, "percent_statements_covered_display": "100"}, "missing_lines": [], "excluded_lines": [], "start_line": 59}, "ConfigDeployer.deploy": {"executed_lines": [107, 110, 114], "summary": {"covered_lines": 3, "num_statements": 3, "percent_covered": 100.0, "percent_covered_display": "100", "missing_lines": 0, "excluded_lines": 0, "percent_statements_covered": 100.0, "percent_statements_covered_display": "100"}, "missing_lines": [], "excluded_lines": [], "start_line": 81}, "ConfigDeployer._pre_deploy_checks": {"executed_lines": [127, 128, 131, 134, 167], "summary": {"covered_lines": 5, "num_statements": 14, "percent_covered": 35.714285714285715, "percent_covered_display": "36", "missing_lines": 9, "excluded_lines": 0, "percent_statements_covered": 35.714285714285715, "percent_statements_covered_display": "36"}, "missing_lines": [135, 144, 145, 146, 151, 152, 160, 161, 165], "excluded_lines": [], "start_line": 118}, "ConfigDeployer._execute_deployment": {"executed_lines": [178, 189, 190, 191, 193], "summary": {"covered_lines": 5, "num_statements": 5, "percent_covered": 100.0, "percent_covered_display": "100", "missing_lines": 0, "excluded_lines": 0, "percent_statements_covered": 100.0, "percent_statements_covered_display": "100"}, "missing_lines": [], "excluded_lines": [], "start_line": 169}, "ConfigDeployer.rollback": {"executed_lines": [207, 208, 209, 211, 212, 215, 217, 222, 231], "summary": {"covered_lines": 9, "num_statements": 9, "percent_covered": 100.0, "percent_covered_display": "100", "missing_lines": 0, "excluded_lines": 0, "percent_statements_covered": 100.0, "percent_statements_covered_display": "100"}, "missing_lines": [], "excluded_lines": [], "start_line": 195}, "ConfigDeployer.get_agent_config": {"executed_lines": [246, 257, 258, 259, 262], "summary": {"covered_lines": 5, "num_statements": 5, "percent_covered": 100.0, "percent_covered_display": "100", "missing_lines": 0, "excluded_lines": 0, "percent_statements_covered": 100.0, "percent_statements_covered_display": "100"}, "missing_lines": [], "excluded_lines": [], "start_line": 235}, "ConfigDeployer.get_last_deployment": {"executed_lines": [274, 285, 286, 288, 289], "summary": {"covered_lines": 5, "num_statements": 5, "percent_covered": 100.0, "percent_covered_display": "100", "missing_lines": 0, "excluded_lines": 0, "percent_statements_covered": 100.0, "percent_statements_covered_display": "100"}, "missing_lines": [], "excluded_lines": [], "start_line": 264}, "ConfigDeployer._validate_through_safety_stack": {"executed_lines": [], "summary": {"covered_lines": 0, "num_statements": 4, "percent_covered": 0.0, "percent_covered_display": "0", "missing_lines": 4, "excluded_lines": 0, "percent_statements_covered": 0.0, "percent_statements_covered_display": "0"}, "missing_lines": [337, 346, 359, 361], "excluded_lines": [], "start_line": 309}, "ConfigDeployer._request_and_wait_for_approval": {"executed_lines": [], "summary": {"covered_lines": 0, "num_statements": 3, "percent_covered": 0.0, "percent_covered_display": "0", "missing_lines": 3, "excluded_lines": 0, "percent_statements_covered": 0.0, "percent_statements_covered_display": "0"}, "missing_lines": [387, 392, 397], "excluded_lines": [], "start_line": 363}, "ConfigDeployer._create_approval_request": {"executed_lines": [], "summary": {"covered_lines": 0, "num_statements": 1, "percent_covered": 0.0, "percent_covered_display": "0", "missing_lines": 1, "excluded_lines": 0, "percent_statements_covered": 0.0, "percent_statements_covered_display": "0"}, "missing_lines": [409], "excluded_lines": [], "start_line": 399}, "ConfigDeployer._poll_for_approval": {"executed_lines": [], "summary": {"covered_lines": 0, "num_statements": 12, "percent_covered": 0.0, "percent_covered_display": "0", "missing_lines": 12, "excluded_lines": 0, "percent_statements_covered": 0.0, "percent_statements_covered_display": "0"}, "missing_lines": [437, 438, 439, 441, 442, 443, 444, 445, 446, 447, 449, 452], "excluded_lines": [], "start_line": 433}, "ConfigDeployer._validate_config": {"executed_lines": [464, 465], "summary": {"covered_lines": 2, "num_statements": 2, "percent_covered": 100.0, "percent_covered_display": "100", "missing_lines": 0, "excluded_lines": 0, "percent_statements_covered": 100.0, "percent_statements_covered_display": "100"}, "missing_lines": [], "excluded_lines": [], "start_line": 454}, "ConfigDeployer._store_deployment": {"executed_lines": [475], "summary": {"covered_lines": 1, "num_statements": 1, "percent_covered": 100.0, "percent_covered_display": "100", "missing_lines": 0, "excluded_lines": 0, "percent_statements_covered": 100.0, "percent_statements_covered_display": "100"}, "missing_lines": [], "excluded_lines": [], "start_line": 467}, "ConfigDeployer._update_agent_config": {"executed_lines": [509], "summary": {"covered_lines": 1, "num_statements": 1, "percent_covered": 100.0, "percent_covered_display": "100", "missing_lines": 0, "excluded_lines": 0, "percent_statements_covered": 100.0, "percent_statements_covered_display": "100"}, "missing_lines": [], "excluded_lines": [], "start_line": 495}, "": {"executed_lines": [9, 10, 11, 12, 13, 14, 16, 19, 20, 21, 28, 34, 37, 40, 45, 59, 81, 118, 169, 195, 235, 264, 309, 363, 399, 433, 454, 467, 495], "summary": {"covered_lines": 29, "num_statements": 29, "percent_covered": 100.0, "percent_covered_display": "100", "missing_lines": 0, "excluded_lines": 0, "percent_statements_covered": 100.0, "percent_statements_covered_display": "100"}, "missing_lines": [], "excluded_lines": [], "start_line": 1}}, "classes": {"ConfigDeployer": {"executed_lines": [76, 77, 78, 79, 107, 110, 114, 127, 128, 131, 134, 167, 178, 189, 190, 191, 193, 207, 208, 209, 211, 212, 215, 217, 222, 231, 246, 257, 258, 259, 262, 274, 285, 286, 288, 289, 464, 465, 475, 509], "summary": {"covered_lines": 40, "num_statements": 69, "percent_covered": 57.971014492753625, "percent_covered_display": "58", "missing_lines": 29, "excluded_lines": 0, "percent_statements_covered": 57.971014492753625, "percent_statements_covered_display": "58"}, "missing_lines": [135, 144, 145, 146, 151, 152, 160, 161, 165, 337, 346, 359, 361, 387, 392, 397, 409, 437, 438, 439, 441, 442, 443, 444, 445, 446, 447, 449, 452], "excluded_lines": [], "start_line": 45}, "": {"executed_lines": [9, 10, 11, 12, 13, 14, 16, 19, 20, 21, 28, 34, 37, 40, 42, 45, 59, 81, 118, 169, 195, 235, 264, 309, 363, 399, 433, 454, 467, 495], "summary": {"covered_lines": 30, "num_statements": 30, "percent_covered": 100.0, "percent_covered_display": "100", "missing_lines": 0, "excluded_lines": 0, "percent_statements_covered": 100.0, "percent_statements_covered_display": "100"}, "missing_lines": [], "excluded_lines": [], "start_line": 1}}}, "src/self_improvement/deployment/rollback_monitor.py": {"executed_lines": [8, 9, 10, 12, 13, 14, 18, 20, 23, 26, 33, 49, 50, 51, 52, 55, 67, 81, 82, 83, 85, 112, 121, 122, 123, 125, 126, 127, 130, 132, 134, 139, 140, 141, 142, 145, 146, 147, 150, 151, 152, 153, 155, 156, 157, 158, 161, 162, 165, 167, 169, 177, 178, 179, 181, 182, 184, 187, 188, 192, 193, 194, 195, 196, 198, 208, 209, 213, 214, 219, 224, 234, 235, 237, 238, 243, 251, 257, 263, 264, 268, 269, 270, 272, 273, 280, 281, 282, 284, 285, 287, 288, 289, 290, 291, 292, 294, 309, 310, 311, 312, 316, 317, 318, 324], "summary": {"covered_lines": 105, "num_statements": 112, "percent_covered": 93.75, "percent_covered_display": "94", "missing_lines": 7, "excluded_lines": 0, "percent_statements_covered": 93.75, "percent_statements_covered_display": "94"}, "missing_lines": [220, 221, 222, 244, 245, 246, 283], "excluded_lines": [], "functions": {"RegressionThresholds.__init__": {"executed_lines": [49, 50, 51, 52], "summary": {"covered_lines": 4, "num_statements": 4, "percent_covered": 100.0, "percent_covered_display": "100", "missing_lines": 0, "excluded_lines": 0, "percent_statements_covered": 100.0, "percent_statements_covered_display": "100"}, "missing_lines": [], "excluded_lines": [], "start_line": 33}, "RollbackMonitor.__init__": {"executed_lines": [81, 82, 83], "summary": {"covered_lines": 3, "num_statements": 3, "percent_covered": 100.0, "percent_covered_display": "100", "missing_lines": 0, "excluded_lines": 0, "percent_statements_covered": 100.0, "percent_statements_covered_display": "100"}, "missing_lines": [], "excluded_lines": [], "start_line": 67}, "RollbackMonitor.check_for_regression": {"executed_lines": [112, 121, 122, 123, 125, 126, 127, 130, 132], "summary": {"covered_lines": 9, "num_statements": 9, "percent_covered": 100.0, "percent_covered_display": "100", "missing_lines": 0, "excluded_lines": 0, "percent_statements_covered": 100.0, "percent_statements_covered_display": "100"}, "missing_lines": [], "excluded_lines": [], "start_line": 85}, "RollbackMonitor._collect_performance_metrics": {"executed_lines": [139, 140, 141, 142, 145, 146, 147, 150, 151, 152, 153, 155, 156, 157, 158, 161, 162, 165, 167], "summary": {"covered_lines": 19, "num_statements": 19, "percent_covered": 100.0, "percent_covered_display": "100", "missing_lines": 0, "excluded_lines": 0, "percent_statements_covered": 100.0, "percent_statements_covered_display": "100"}, "missing_lines": [], "excluded_lines": [], "start_line": 134}, "RollbackMonitor._check_and_rollback": {"executed_lines": [177, 178, 179, 181, 182, 184, 187, 188, 192, 193, 194, 195, 196], "summary": {"covered_lines": 13, "num_statements": 13, "percent_covered": 100.0, "percent_covered_display": "100", "missing_lines": 0, "excluded_lines": 0, "percent_statements_covered": 100.0, "percent_statements_covered_display": "100"}, "missing_lines": [], "excluded_lines": [], "start_line": 169}, "RollbackMonitor._get_baseline_performance": {"executed_lines": [208, 209, 213, 214, 219], "summary": {"covered_lines": 5, "num_statements": 8, "percent_covered": 62.5, "percent_covered_display": "62", "missing_lines": 3, "excluded_lines": 0, "percent_statements_covered": 62.5, "percent_statements_covered_display": "62"}, "missing_lines": [220, 221, 222], "excluded_lines": [], "start_line": 198}, "RollbackMonitor._get_current_performance": {"executed_lines": [234, 235, 237, 238, 243], "summary": {"covered_lines": 5, "num_statements": 8, "percent_covered": 62.5, "percent_covered_display": "62", "missing_lines": 3, "excluded_lines": 0, "percent_statements_covered": 62.5, "percent_statements_covered_display": "62"}, "missing_lines": [244, 245, 246], "excluded_lines": [], "start_line": 224}, "RollbackMonitor._detect_regression": {"executed_lines": [263, 264, 268, 269, 270], "summary": {"covered_lines": 5, "num_statements": 5, "percent_covered": 100.0, "percent_covered_display": "100", "missing_lines": 0, "excluded_lines": 0, "percent_statements_covered": 100.0, "percent_statements_covered_display": "100"}, "missing_lines": [], "excluded_lines": [], "start_line": 257}, "RollbackMonitor._check_metric_regression": {"executed_lines": [280, 281, 282, 284, 285, 287, 288, 289, 290, 291, 292], "summary": {"covered_lines": 11, "num_statements": 12, "percent_covered": 91.66666666666667, "percent_covered_display": "92", "missing_lines": 1, "excluded_lines": 0, "percent_statements_covered": 91.66666666666667, "percent_statements_covered_display": "92"}, "missing_lines": [283], "excluded_lines": [], "start_line": 273}, "RollbackMonitor.monitor_all_agents": {"executed_lines": [309, 310, 311, 312, 316, 317, 318, 324], "summary": {"covered_lines": 8, "num_statements": 8, "percent_covered": 100.0, "percent_covered_display": "100", "missing_lines": 0, "excluded_lines": 0, "percent_statements_covered": 100.0, "percent_statements_covered_display": "100"}, "missing_lines": [], "excluded_lines": [], "start_line": 294}, "": {"executed_lines": [8, 9, 10, 12, 13, 14, 18, 20, 23, 26, 33, 55, 67, 85, 134, 169, 198, 224, 251, 257, 272, 273, 294], "summary": {"covered_lines": 23, "num_statements": 23, "percent_covered": 100.0, "percent_covered_display": "100", "missing_lines": 0, "excluded_lines": 0, "percent_statements_covered": 100.0, "percent_statements_covered_display": "100"}, "missing_lines": [], "excluded_lines": [], "start_line": 1}}, "classes": {"RegressionThresholds": {"executed_lines": [49, 50, 51, 52], "summary": {"covered_lines": 4, "num_statements": 4, "percent_covered": 100.0, "percent_covered_display": "100", "missing_lines": 0, "excluded_lines": 0, "percent_statements_covered": 100.0, "percent_statements_covered_display": "100"}, "missing_lines": [], "excluded_lines": [], "start_line": 26}, "RollbackMonitor": {"executed_lines": [81, 82, 83, 112, 121, 122, 123, 125, 126, 127, 130, 132, 139, 140, 141, 142, 145, 146, 147, 150, 151, 152, 153, 155, 156, 157, 158, 161, 162, 165, 167, 177, 178, 179, 181, 182, 184, 187, 188, 192, 193, 194, 195, 196, 208, 209, 213, 214, 219, 234, 235, 237, 238, 243, 263, 264, 268, 269, 270, 280, 281, 282, 284, 285, 287, 288, 289, 290, 291, 292, 309, 310, 311, 312, 316, 317, 318, 324], "summary": {"covered_lines": 78, "num_statements": 85, "percent_covered": 91.76470588235294, "percent_covered_display": "92", "missing_lines": 7, "excluded_lines": 0, "percent_statements_covered": 91.76470588235294, "percent_statements_covered_display": "92"}, "missing_lines": [220, 221, 222, 244, 245, 246, 283], "excluded_lines": [], "start_line": 55}, "": {"executed_lines": [8, 9, 10, 12, 13, 14, 18, 20, 23, 26, 33, 55, 67, 85, 134, 169, 198, 224, 251, 257, 272, 273, 294], "summary": {"covered_lines": 23, "num_statements": 23, "percent_covered": 100.0, "percent_covered_display": "100", "missing_lines": 0, "excluded_lines": 0, "percent_statements_covered": 100.0, "percent_statements_covered_display": "100"}, "missing_lines": [], "excluded_lines": [], "start_line": 1}}}, "src/self_improvement/detection/__init__.py": {"executed_lines": [9, 15, 16, 17, 22, 28], "summary": {"covered_lines": 6, "num_statements": 6, "percent_covered": 100.0, "percent_covered_display": "100", "missing_lines": 0, "excluded_lines": 0, "percent_statements_covered": 100.0, "percent_statements_covered_display": "100"}, "missing_lines": [], "excluded_lines": [], "functions": {"": {"executed_lines": [9, 15, 16, 17, 22, 28], "summary": {"covered_lines": 6, "num_statements": 6, "percent_covered": 100.0, "percent_covered_display": "100", "missing_lines": 0, "excluded_lines": 0, "percent_statements_covered": 100.0, "percent_statements_covered_display": "100"}, "missing_lines": [], "excluded_lines": [], "start_line": 1}}, "classes": {"": {"executed_lines": [9, 15, 16, 17, 22, 28], "summary": {"covered_lines": 6, "num_statements": 6, "percent_covered": 100.0, "percent_covered_display": "100", "missing_lines": 0, "excluded_lines": 0, "percent_statements_covered": 100.0, "percent_statements_covered_display": "100"}, "missing_lines": [], "excluded_lines": [], "start_line": 1}}}, "src/self_improvement/detection/improvement_detector.py": {"executed_lines": [7, 8, 9, 11, 13, 14, 15, 16, 19, 22, 23, 26, 29, 30, 32, 35, 36, 37, 38, 41, 43, 46, 48, 51, 53, 56, 58, 61, 87, 103, 104, 108, 109, 111, 116, 153, 158, 160, 161, 162, 164, 165, 169, 174, 176, 177, 182, 187, 188, 189, 190, 195, 202, 203, 213, 218, 220, 224, 226, 232, 233, 242, 243, 244, 246, 251, 253, 263, 264, 269, 291, 293, 294, 295, 301, 311, 313, 315, 338, 339, 340, 343, 344, 345, 346, 349, 350, 358, 360, 362, 364, 368, 373, 374, 377, 379, 385, 387, 396, 398, 404, 406, 421, 433, 434], "summary": {"covered_lines": 105, "num_statements": 126, "percent_covered": 83.33333333333333, "percent_covered_display": "83", "missing_lines": 21, "excluded_lines": 1, "percent_statements_covered": 83.33333333333333, "percent_statements_covered_display": "83"}, "missing_lines": [178, 179, 180, 208, 209, 237, 238, 265, 266, 267, 302, 303, 308, 351, 352, 356, 365, 366, 457, 458, 459], "excluded_lines": [62], "functions": {"ImprovementDetector.__init__": {"executed_lines": [103, 104, 108, 109, 111], "summary": {"covered_lines": 5, "num_statements": 5, "percent_covered": 100.0, "percent_covered_display": "100", "missing_lines": 0, "excluded_lines": 0, "percent_statements_covered": 100.0, "percent_statements_covered_display": "100"}, "missing_lines": [], "excluded_lines": [], "start_line": 87}, "ImprovementDetector.detect_improvements": {"executed_lines": [153, 158, 160, 161, 162, 164, 165, 169, 174, 176, 177], "summary": {"covered_lines": 11, "num_statements": 14, "percent_covered": 78.57142857142857, "percent_covered_display": "79", "missing_lines": 3, "excluded_lines": 0, "percent_statements_covered": 78.57142857142857, "percent_statements_covered_display": "79"}, "missing_lines": [178, 179, 180], "excluded_lines": [], "start_line": 116}, "ImprovementDetector._analyze_performance": {"executed_lines": [187, 188, 189, 190, 195, 202, 203, 213, 218], "summary": {"covered_lines": 9, "num_statements": 11, "percent_covered": 81.81818181818181, "percent_covered_display": "82", "missing_lines": 2, "excluded_lines": 0, "percent_statements_covered": 81.81818181818181, "percent_statements_covered_display": "82"}, "missing_lines": [208, 209], "excluded_lines": [], "start_line": 182}, "ImprovementDetector._detect_problems": {"executed_lines": [224, 226, 232, 233, 242, 243, 244, 246, 251], "summary": {"covered_lines": 9, "num_statements": 11, "percent_covered": 81.81818181818181, "percent_covered_display": "82", "missing_lines": 2, "excluded_lines": 0, "percent_statements_covered": 81.81818181818181, "percent_statements_covered_display": "82"}, "missing_lines": [237, 238], "excluded_lines": [], "start_line": 220}, "ImprovementDetector._get_baseline": {"executed_lines": [263, 264], "summary": {"covered_lines": 2, "num_statements": 5, "percent_covered": 40.0, "percent_covered_display": "40", "missing_lines": 3, "excluded_lines": 0, "percent_statements_covered": 40.0, "percent_statements_covered_display": "40"}, "missing_lines": [265, 266, 267], "excluded_lines": [], "start_line": 253}, "ImprovementDetector._generate_proposals": {"executed_lines": [291, 293, 294, 295, 301, 311, 313], "summary": {"covered_lines": 7, "num_statements": 10, "percent_covered": 70.0, "percent_covered_display": "70", "missing_lines": 3, "excluded_lines": 0, "percent_statements_covered": 70.0, "percent_statements_covered_display": "70"}, "missing_lines": [302, 303, 308], "excluded_lines": [], "start_line": 269}, "ImprovementDetector._proposals_for_problem": {"executed_lines": [338, 339, 340, 343, 344, 345, 346, 349, 350, 358], "summary": {"covered_lines": 10, "num_statements": 13, "percent_covered": 76.92307692307692, "percent_covered_display": "77", "missing_lines": 3, "excluded_lines": 0, "percent_statements_covered": 76.92307692307692, "percent_statements_covered_display": "77"}, "missing_lines": [351, 352, 356], "excluded_lines": [], "start_line": 315}, "ImprovementDetector._find_applicable_strategies": {"executed_lines": [362, 364, 368, 373, 374, 377, 379, 385], "summary": {"covered_lines": 8, "num_statements": 10, "percent_covered": 80.0, "percent_covered_display": "80", "missing_lines": 2, "excluded_lines": 0, "percent_statements_covered": 80.0, "percent_statements_covered_display": "80"}, "missing_lines": [365, 366], "excluded_lines": [], "start_line": 360}, "ImprovementDetector._create_proposal_for_strategy": {"executed_lines": [396, 398, 404, 406], "summary": {"covered_lines": 4, "num_statements": 4, "percent_covered": 100.0, "percent_covered_display": "100", "missing_lines": 0, "excluded_lines": 0, "percent_statements_covered": 100.0, "percent_statements_covered_display": "100"}, "missing_lines": [], "excluded_lines": [], "start_line": 387}, "ImprovementDetector.health_check": {"executed_lines": [433, 434], "summary": {"covered_lines": 2, "num_statements": 5, "percent_covered": 40.0, "percent_covered_display": "40", "missing_lines": 3, "excluded_lines": 0, "percent_statements_covered": 40.0, "percent_statements_covered_display": "40"}, "missing_lines": [457, 458, 459], "excluded_lines": [], "start_line": 421}, "": {"executed_lines": [7, 8, 9, 11, 13, 14, 15, 16, 19, 22, 23, 26, 29, 30, 32, 35, 36, 37, 38, 41, 43, 46, 48, 51, 53, 56, 58, 61, 87, 116, 182, 220, 253, 269, 315, 360, 387, 421], "summary": {"covered_lines": 38, "num_statements": 38, "percent_covered": 100.0, "percent_covered_display": "100", "missing_lines": 0, "excluded_lines": 1, "percent_statements_covered": 100.0, "percent_statements_covered_display": "100"}, "missing_lines": [], "excluded_lines": [62], "start_line": 1}}, "classes": {"ImprovementDetectionError": {"executed_lines": [], "summary": {"covered_lines": 0, "num_statements": 0, "percent_covered": 100.0, "percent_covered_display": "100", "missing_lines": 0, "excluded_lines": 0, "percent_statements_covered": 100.0, "percent_statements_covered_display": "100"}, "missing_lines": [], "excluded_lines": [], "start_line": 41}, "NoBaselineError": {"executed_lines": [], "summary": {"covered_lines": 0, "num_statements": 0, "percent_covered": 100.0, "percent_covered_display": "100", "missing_lines": 0, "excluded_lines": 0, "percent_statements_covered": 100.0, "percent_statements_covered_display": "100"}, "missing_lines": [], "excluded_lines": [], "start_line": 46}, "ImprovementDataError": {"executed_lines": [], "summary": {"covered_lines": 0, "num_statements": 0, "percent_covered": 100.0, "percent_covered_display": "100", "missing_lines": 0, "excluded_lines": 0, "percent_statements_covered": 100.0, "percent_statements_covered_display": "100"}, "missing_lines": [], "excluded_lines": [], "start_line": 51}, "ComponentError": {"executed_lines": [], "summary": {"covered_lines": 0, "num_statements": 0, "percent_covered": 100.0, "percent_covered_display": "100", "missing_lines": 0, "excluded_lines": 0, "percent_statements_covered": 100.0, "percent_statements_covered_display": "100"}, "missing_lines": [], "excluded_lines": [], "start_line": 56}, "ImprovementDetector": {"executed_lines": [103, 104, 108, 109, 111, 153, 158, 160, 161, 162, 164, 165, 169, 174, 176, 177, 187, 188, 189, 190, 195, 202, 203, 213, 218, 224, 226, 232, 233, 242, 243, 244, 246, 251, 263, 264, 291, 293, 294, 295, 301, 311, 313, 338, 339, 340, 343, 344, 345, 346, 349, 350, 358, 362, 364, 368, 373, 374, 377, 379, 385, 396, 398, 404, 406, 433, 434], "summary": {"covered_lines": 67, "num_statements": 88, "percent_covered": 76.13636363636364, "percent_covered_display": "76", "missing_lines": 21, "excluded_lines": 0, "percent_statements_covered": 76.13636363636364, "percent_statements_covered_display": "76"}, "missing_lines": [178, 179, 180, 208, 209, 237, 238, 265, 266, 267, 302, 303, 308, 351, 352, 356, 365, 366, 457, 458, 459], "excluded_lines": [], "start_line": 61}, "": {"executed_lines": [7, 8, 9, 11, 13, 14, 15, 16, 19, 22, 23, 26, 29, 30, 32, 35, 36, 37, 38, 41, 43, 46, 48, 51, 53, 56, 58, 61, 87, 116, 182, 220, 253, 269, 315, 360, 387, 421], "summary": {"covered_lines": 38, "num_statements": 38, "percent_covered": 100.0, "percent_covered_display": "100", "missing_lines": 0, "excluded_lines": 1, "percent_statements_covered": 100.0, "percent_statements_covered_display": "100"}, "missing_lines": [], "excluded_lines": [62], "start_line": 1}}}, "src/self_improvement/detection/improvement_proposal.py": {"executed_lines": [8, 9, 10, 11, 13, 22, 23, 26, 27, 30, 31, 66, 67, 70, 73, 74, 77, 78, 81, 82, 83, 85, 87, 88, 92, 93, 97, 107, 113, 115, 120, 132, 157, 158, 171, 174, 182, 190, 203, 204, 216], "summary": {"covered_lines": 41, "num_statements": 41, "percent_covered": 100.0, "percent_covered_display": "100", "missing_lines": 0, "excluded_lines": 0, "percent_statements_covered": 100.0, "percent_statements_covered_display": "100"}, "missing_lines": [], "excluded_lines": [], "functions": {"ImprovementProposal.__post_init__": {"executed_lines": [87, 88, 92, 93], "summary": {"covered_lines": 4, "num_statements": 4, "percent_covered": 100.0, "percent_covered_display": "100", "missing_lines": 0, "excluded_lines": 0, "percent_statements_covered": 100.0, "percent_statements_covered_display": "100"}, "missing_lines": [], "excluded_lines": [], "start_line": 85}, "ImprovementProposal.get_summary": {"executed_lines": [107, 113, 115], "summary": {"covered_lines": 3, "num_statements": 3, "percent_covered": 100.0, "percent_covered_display": "100", "missing_lines": 0, "excluded_lines": 0, "percent_statements_covered": 100.0, "percent_statements_covered_display": "100"}, "missing_lines": [], "excluded_lines": [], "start_line": 97}, "ImprovementProposal.to_dict": {"executed_lines": [132], "summary": {"covered_lines": 1, "num_statements": 1, "percent_covered": 100.0, "percent_covered_display": "100", "missing_lines": 0, "excluded_lines": 0, "percent_statements_covered": 100.0, "percent_statements_covered_display": "100"}, "missing_lines": [], "excluded_lines": [], "start_line": 120}, "ImprovementProposal.from_dict": {"executed_lines": [171, 174, 182, 190], "summary": {"covered_lines": 4, "num_statements": 4, "percent_covered": 100.0, "percent_covered_display": "100", "missing_lines": 0, "excluded_lines": 0, "percent_statements_covered": 100.0, "percent_statements_covered_display": "100"}, "missing_lines": [], "excluded_lines": [], "start_line": 158}, "ImprovementProposal.generate_id": {"executed_lines": [216], "summary": {"covered_lines": 1, "num_statements": 1, "percent_covered": 100.0, "percent_covered_display": "100", "missing_lines": 0, "excluded_lines": 0, "percent_statements_covered": 100.0, "percent_statements_covered_display": "100"}, "missing_lines": [], "excluded_lines": [], "start_line": 204}, "": {"executed_lines": [8, 9, 10, 11, 13, 22, 23, 26, 27, 30, 31, 66, 67, 70, 73, 74, 77, 78, 81, 82, 83, 85, 97, 120, 157, 158, 203, 204], "summary": {"covered_lines": 28, "num_statements": 28, "percent_covered": 100.0, "percent_covered_display": "100", "missing_lines": 0, "excluded_lines": 0, "percent_statements_covered": 100.0, "percent_statements_covered_display": "100"}, "missing_lines": [], "excluded_lines": [], "start_line": 1}}, "classes": {"ImprovementProposal": {"executed_lines": [87, 88, 92, 93, 107, 113, 115, 132, 171, 174, 182, 190, 216], "summary": {"covered_lines": 13, "num_statements": 13, "percent_covered": 100.0, "percent_covered_display": "100", "missing_lines": 0, "excluded_lines": 0, "percent_statements_covered": 100.0, "percent_statements_covered_display": "100"}, "missing_lines": [], "excluded_lines": [], "start_line": 31}, "": {"executed_lines": [8, 9, 10, 11, 13, 22, 23, 26, 27, 30, 31, 66, 67, 70, 73, 74, 77, 78, 81, 82, 83, 85, 97, 120, 157, 158, 203, 204], "summary": {"covered_lines": 28, "num_statements": 28, "percent_covered": 100.0, "percent_covered_display": "100", "missing_lines": 0, "excluded_lines": 0, "percent_statements_covered": 100.0, "percent_statements_covered_display": "100"}, "missing_lines": [], "excluded_lines": [], "start_line": 1}}}, "src/self_improvement/detection/problem_config.py": {"executed_lines": [5, 7, 10, 11, 12, 13, 14, 17, 18, 19, 20, 23, 26, 27, 78, 79, 82, 83, 86, 87, 90, 91, 92, 93, 96, 98, 100, 101, 102, 104, 106, 108, 110, 112], "summary": {"covered_lines": 34, "num_statements": 40, "percent_covered": 85.0, "percent_covered_display": "85", "missing_lines": 6, "excluded_lines": 0, "percent_statements_covered": 85.0, "percent_statements_covered_display": "85"}, "missing_lines": [103, 105, 107, 109, 111, 113], "excluded_lines": [], "functions": {"ProblemDetectionConfig.__post_init__": {"executed_lines": [100, 101, 102, 104, 106, 108, 110, 112], "summary": {"covered_lines": 8, "num_statements": 14, "percent_covered": 57.142857142857146, "percent_covered_display": "57", "missing_lines": 6, "excluded_lines": 0, "percent_statements_covered": 57.142857142857146, "percent_statements_covered_display": "57"}, "missing_lines": [103, 105, 107, 109, 111, 113], "excluded_lines": [], "start_line": 98}, "": {"executed_lines": [5, 7, 10, 11, 12, 13, 14, 17, 18, 19, 20, 23, 26, 27, 78, 79, 82, 83, 86, 87, 90, 91, 92, 93, 96, 98], "summary": {"covered_lines": 26, "num_statements": 26, "percent_covered": 100.0, "percent_covered_display": "100", "missing_lines": 0, "excluded_lines": 0, "percent_statements_covered": 100.0, "percent_statements_covered_display": "100"}, "missing_lines": [], "excluded_lines": [], "start_line": 1}}, "classes": {"ProblemDetectionConfig": {"executed_lines": [100, 101, 102, 104, 106, 108, 110, 112], "summary": {"covered_lines": 8, "num_statements": 14, "percent_covered": 57.142857142857146, "percent_covered_display": "57", "missing_lines": 6, "excluded_lines": 0, "percent_statements_covered": 57.142857142857146, "percent_statements_covered_display": "57"}, "missing_lines": [103, 105, 107, 109, 111, 113], "excluded_lines": [], "start_line": 27}, "": {"executed_lines": [5, 7, 10, 11, 12, 13, 14, 17, 18, 19, 20, 23, 26, 27, 78, 79, 82, 83, 86, 87, 90, 91, 92, 93, 96, 98], "summary": {"covered_lines": 26, "num_statements": 26, "percent_covered": 100.0, "percent_covered_display": "100", "missing_lines": 0, "excluded_lines": 0, "percent_statements_covered": 100.0, "percent_statements_covered_display": "100"}, "missing_lines": [], "excluded_lines": [], "start_line": 1}}}, "src/self_improvement/detection/problem_detector.py": {"executed_lines": [8, 9, 11, 19, 21, 22, 24, 27, 28, 29, 30, 33, 35, 38, 40, 43, 78, 85, 87, 115, 116, 117, 121, 127, 133, 136, 137, 140, 141, 144, 145, 148, 154, 156, 161, 163, 179, 184, 185, 186, 187, 188, 189, 191, 193, 198, 204, 205, 208, 211, 218, 221, 222, 241, 250, 251, 253, 254, 259, 261, 263, 279, 281, 282, 283, 284, 285, 286, 288, 290, 295, 300, 301, 304, 307, 314, 317, 318, 337, 353, 358, 359, 360, 361, 362, 363, 365, 367, 372, 379, 382, 385, 388, 395, 398, 399, 418, 438, 439, 440, 442, 443], "summary": {"covered_lines": 102, "num_statements": 105, "percent_covered": 97.14285714285714, "percent_covered_display": "97", "missing_lines": 3, "excluded_lines": 1, "percent_statements_covered": 97.14285714285714, "percent_statements_covered_display": "97"}, "missing_lines": [122, 441, 445], "excluded_lines": [44], "functions": {"ProblemDetector.__init__": {"executed_lines": [85], "summary": {"covered_lines": 1, "num_statements": 1, "percent_covered": 100.0, "percent_covered_display": "100", "missing_lines": 0, "excluded_lines": 0, "percent_statements_covered": 100.0, "percent_statements_covered_display": "100"}, "missing_lines": [], "excluded_lines": [], "start_line": 78}, "ProblemDetector.detect_problems": {"executed_lines": [115, 116, 117, 121, 127, 133, 136, 137, 140, 141, 144, 145, 148, 154, 156, 161], "summary": {"covered_lines": 16, "num_statements": 17, "percent_covered": 94.11764705882354, "percent_covered_display": "94", "missing_lines": 1, "excluded_lines": 0, "percent_statements_covered": 94.11764705882354, "percent_statements_covered_display": "94"}, "missing_lines": [122], "excluded_lines": [], "start_line": 87}, "ProblemDetector._detect_quality_problems": {"executed_lines": [179, 184, 185, 186, 187, 188, 189, 191], "summary": {"covered_lines": 8, "num_statements": 8, "percent_covered": 100.0, "percent_covered_display": "100", "missing_lines": 0, "excluded_lines": 0, "percent_statements_covered": 100.0, "percent_statements_covered_display": "100"}, "missing_lines": [], "excluded_lines": [], "start_line": 163}, "ProblemDetector._check_quality_metric": {"executed_lines": [198, 204, 205, 208, 211, 218, 221, 222], "summary": {"covered_lines": 8, "num_statements": 8, "percent_covered": 100.0, "percent_covered_display": "100", "missing_lines": 0, "excluded_lines": 0, "percent_statements_covered": 100.0, "percent_statements_covered_display": "100"}, "missing_lines": [], "excluded_lines": [], "start_line": 193}, "ProblemDetector._exceeds_thresholds": {"executed_lines": [250, 251, 253, 254, 259, 261], "summary": {"covered_lines": 6, "num_statements": 6, "percent_covered": 100.0, "percent_covered_display": "100", "missing_lines": 0, "excluded_lines": 0, "percent_statements_covered": 100.0, "percent_statements_covered_display": "100"}, "missing_lines": [], "excluded_lines": [], "start_line": 241}, "ProblemDetector._detect_cost_problems": {"executed_lines": [279, 281, 282, 283, 284, 285, 286, 288], "summary": {"covered_lines": 8, "num_statements": 8, "percent_covered": 100.0, "percent_covered_display": "100", "missing_lines": 0, "excluded_lines": 0, "percent_statements_covered": 100.0, "percent_statements_covered_display": "100"}, "missing_lines": [], "excluded_lines": [], "start_line": 263}, "ProblemDetector._check_cost_metric": {"executed_lines": [295, 300, 301, 304, 307, 314, 317, 318], "summary": {"covered_lines": 8, "num_statements": 8, "percent_covered": 100.0, "percent_covered_display": "100", "missing_lines": 0, "excluded_lines": 0, "percent_statements_covered": 100.0, "percent_statements_covered_display": "100"}, "missing_lines": [], "excluded_lines": [], "start_line": 290}, "ProblemDetector._detect_speed_problems": {"executed_lines": [353, 358, 359, 360, 361, 362, 363, 365], "summary": {"covered_lines": 8, "num_statements": 8, "percent_covered": 100.0, "percent_covered_display": "100", "missing_lines": 0, "excluded_lines": 0, "percent_statements_covered": 100.0, "percent_statements_covered_display"
[...]
s_covered": 100.0, "percent_statements_covered_display": "100"}, "missing_lines": [], "excluded_lines": [], "start_line": 113}, "ImprovementStrategyRegistry.list_strategy_names": {"executed_lines": [137, 138], "summary": {"covered_lines": 2, "num_statements": 2, "percent_covered": 100.0, "percent_covered_display": "100", "missing_lines": 0, "excluded_lines": 0, "percent_statements_covered": 100.0, "percent_statements_covered_display": "100"}, "missing_lines": [], "excluded_lines": [], "start_line": 127}, "ImprovementStrategyRegistry.has_strategy": {"executed_lines": [153, 154], "summary": {"covered_lines": 2, "num_statements": 2, "percent_covered": 100.0, "percent_covered_display": "100", "missing_lines": 0, "excluded_lines": 0, "percent_statements_covered": 100.0, "percent_statements_covered_display": "100"}, "missing_lines": [], "excluded_lines": [], "start_line": 140}, "ImprovementStrategyRegistry.clear": {"executed_lines": [165, 166, 167, 168], "summary": {"covered_lines": 4, "num_statements": 4, "percent_covered": 100.0, "percent_covered_display": "100", "missing_lines": 0, "excluded_lines": 0, "percent_statements_covered": 100.0, "percent_statements_covered_display": "100"}, "missing_lines": [], "excluded_lines": [], "start_line": 156}, "ImprovementStrategyRegistry.health_check": {"executed_lines": [185, 186], "summary": {"covered_lines": 2, "num_statements": 2, "percent_covered": 100.0, "percent_covered_display": "100", "missing_lines": 0, "excluded_lines": 0, "percent_statements_covered": 100.0, "percent_statements_covered_display": "100"}, "missing_lines": [], "excluded_lines": [], "start_line": 170}, "": {"executed_lines": [3, 4, 5, 7, 9, 12, 36, 42, 74, 96, 113, 127, 140, 156, 170, 193], "summary": {"covered_lines": 16, "num_statements": 16, "percent_covered": 100.0, "percent_covered_display": "100", "missing_lines": 0, "excluded_lines": 0, "percent_statements_covered": 100.0, "percent_statements_covered_display": "100"}, "missing_lines": [], "excluded_lines": [], "start_line": 1}}, "classes": {"ImprovementStrategyRegistry": {"executed_lines": [38, 39, 40, 56, 57, 62, 63, 65, 66, 71, 72, 87, 88, 89, 93, 94, 110, 111, 124, 125, 137, 138, 153, 154, 165, 166, 167, 168, 185, 186], "summary": {"covered_lines": 30, "num_statements": 30, "percent_covered": 100.0, "percent_covered_display": "100", "missing_lines": 0, "excluded_lines": 0, "percent_statements_covered": 100.0, "percent_statements_covered_display": "100"}, "missing_lines": [], "excluded_lines": [], "start_line": 12}, "": {"executed_lines": [3, 4, 5, 7, 9, 12, 36, 42, 74, 96, 113, 127, 140, 156, 170, 193], "summary": {"covered_lines": 16, "num_statements": 16, "percent_covered": 100.0, "percent_covered_display": "100", "missing_lines": 0, "excluded_lines": 0, "percent_statements_covered": 100.0, "percent_statements_covered_display": "100"}, "missing_lines": [], "excluded_lines": [], "start_line": 1}}}, "src/self_improvement/strategies/strategy.py": {"executed_lines": [34, 35, 36, 38, 39, 40, 41, 44, 47, 48, 65, 66, 67, 68, 69, 71, 73, 74, 77, 78, 79, 80, 83, 112, 119, 121, 122, 123, 137, 138, 172, 173, 198, 233, 236, 237, 240, 243, 252, 256, 270, 271, 273, 278], "summary": {"covered_lines": 44, "num_statements": 48, "percent_covered": 91.66666666666667, "percent_covered_display": "92", "missing_lines": 4, "excluded_lines": 1, "percent_statements_covered": 91.66666666666667, "percent_statements_covered_display": "92"}, "missing_lines": [135, 170, 196, 253], "excluded_lines": [1], "functions": {"LearnedPattern.__post_init__": {"executed_lines": [73, 74, 77, 78, 79, 80], "summary": {"covered_lines": 6, "num_statements": 6, "percent_covered": 100.0, "percent_covered_display": "100", "missing_lines": 0, "excluded_lines": 0, "percent_statements_covered": 100.0, "percent_statements_covered_display": "100"}, "missing_lines": [], "excluded_lines": [], "start_line": 71}, "ImprovementStrategy.__init__": {"executed_lines": [119], "summary": {"covered_lines": 1, "num_statements": 1, "percent_covered": 100.0, "percent_covered_display": "100", "missing_lines": 0, "excluded_lines": 0, "percent_statements_covered": 100.0, "percent_statements_covered_display": "100"}, "missing_lines": [], "excluded_lines": [], "start_line": 112}, "ImprovementStrategy.name": {"executed_lines": [], "summary": {"covered_lines": 0, "num_statements": 1, "percent_covered": 0.0, "percent_covered_display": "0", "missing_lines": 1, "excluded_lines": 0, "percent_statements_covered": 0.0, "percent_statements_covered_display": "0"}, "missing_lines": [135], "excluded_lines": [], "start_line": 123}, "ImprovementStrategy.generate_variants": {"executed_lines": [], "summary": {"covered_lines": 0, "num_statements": 1, "percent_covered": 0.0, "percent_covered_display": "0", "missing_lines": 1, "excluded_lines": 0, "percent_statements_covered": 0.0, "percent_statements_covered_display": "0"}, "missing_lines": [170], "excluded_lines": [], "start_line": 138}, "ImprovementStrategy.is_applicable": {"executed_lines": [], "summary": {"covered_lines": 0, "num_statements": 1, "percent_covered": 0.0, "percent_covered_display": "0", "missing_lines": 1, "excluded_lines": 0, "percent_statements_covered": 0.0, "percent_statements_covered_display": "0"}, "missing_lines": [196], "excluded_lines": [], "start_line": 173}, "ImprovementStrategy.estimate_impact": {"executed_lines": [233, 236, 237, 240, 243, 252, 256, 270, 271, 273, 278], "summary": {"covered_lines": 11, "num_statements": 12, "percent_covered": 91.66666666666667, "percent_covered_display": "92", "missing_lines": 1, "excluded_lines": 0, "percent_statements_covered": 91.66666666666667, "percent_statements_covered_display": "92"}, "missing_lines": [253], "excluded_lines": [], "start_line": 198}, "": {"executed_lines": [34, 35, 36, 38, 39, 40, 41, 44, 47, 48, 65, 66, 67, 68, 69, 71, 83, 112, 121, 122, 123, 137, 138, 172, 173, 198], "summary": {"covered_lines": 26, "num_statements": 26, "percent_covered": 100.0, "percent_covered_display": "100", "missing_lines": 0, "excluded_lines": 1, "percent_statements_covered": 100.0, "percent_statements_covered_display": "100"}, "missing_lines": [], "excluded_lines": [1], "start_line": 1}}, "classes": {"LearnedPattern": {"executed_lines": [73, 74, 77, 78, 79, 80], "summary": {"covered_lines": 6, "num_statements": 6, "percent_covered": 100.0, "percent_covered_display": "100", "missing_lines": 0, "excluded_lines": 0, "percent_statements_covered": 100.0, "percent_statements_covered_display": "100"}, "missing_lines": [], "excluded_lines": [], "start_line": 48}, "ImprovementStrategy": {"executed_lines": [119, 233, 236, 237, 240, 243, 252, 256, 270, 271, 273, 278], "summary": {"covered_lines": 12, "num_statements": 16, "percent_covered": 75.0, "percent_covered_display": "75", "missing_lines": 4, "excluded_lines": 0, "percent_statements_covered": 75.0, "percent_statements_covered_display": "75"}, "missing_lines": [135, 170, 196, 253], "excluded_lines": [], "start_line": 83}, "": {"executed_lines": [34, 35, 36, 38, 39, 40, 41, 44, 47, 48, 65, 66, 67, 68, 69, 71, 83, 112, 121, 122, 123, 137, 138, 172, 173, 198], "summary": {"covered_lines": 26, "num_statements": 26, "percent_covered": 100.0, "percent_covered_display": "100", "missing_lines": 0, "excluded_lines": 1, "percent_statements_covered": 100.0, "percent_statements_covered_display": "100"}, "missing_lines": [], "excluded_lines": [1], "start_line": 1}}}, "src/self_improvement/strategies/temperature_search_strategy.py": {"executed_lines": [7, 8, 10, 11, 18, 19, 20, 21, 22, 25, 26, 29, 30, 31, 34, 37, 38, 41, 42, 43, 44, 45, 46, 47, 48, 51, 52, 53, 56, 57, 60, 61, 62, 63, 64, 65, 66, 67, 70, 92, 93, 94, 97, 98, 99, 102, 103, 104, 106, 107, 109, 111, 117, 118, 120, 124, 125, 126, 127, 128, 131, 133, 140, 141, 142, 144, 148, 149, 150, 151, 152, 155, 157, 164, 166, 167, 168, 169, 170, 171, 173, 174, 175, 176, 177, 179, 180, 181, 182, 183, 186, 188, 196, 198, 199, 200, 202, 203, 206, 207, 209, 210, 212, 213, 214, 215, 216, 217, 221, 223, 227, 228, 229, 230, 233, 234, 236, 237, 239, 240, 243, 244, 247, 249, 251, 267, 276, 278, 291, 296, 298, 308, 310, 320, 321, 324, 325, 326, 327, 328, 329, 330, 331, 332, 333, 335], "summary": {"covered_lines": 146, "num_statements": 147, "percent_covered": 99.31972789115646, "percent_covered_display": "99", "missing_lines": 1, "excluded_lines": 0, "percent_statements_covered": 99.31972789115646, "percent_statements_covered_display": "99"}, "missing_lines": [293], "excluded_lines": [], "functions": {"TemperatureSearchStrategy.name": {"executed_lines": [109], "summary": {"covered_lines": 1, "num_statements": 1, "percent_covered": 100.0, "percent_covered_display": "100", "missing_lines": 0, "excluded_lines": 0, "percent_statements_covered": 100.0, "percent_statements_covered_display": "100"}, "missing_lines": [], "excluded_lines": [], "start_line": 107}, "TemperatureSearchStrategy._create_lower_temp_variant": {"executed_lines": [117, 118, 120, 124, 125, 126, 127, 128, 131], "summary": {"covered_lines": 9, "num_statements": 9, "percent_covered": 100.0, "percent_covered_display": "100", "missing_lines": 0, "excluded_lines": 0, "percent_statements_covered": 100.0, "percent_statements_covered_display": "100"}, "missing_lines": [], "excluded_lines": [], "start_line": 111}, "TemperatureSearchStrategy._create_higher_temp_variant": {"executed_lines": [140, 141, 142, 144, 148, 149, 150, 151, 152, 155], "summary": {"covered_lines": 10, "num_statements": 10, "percent_covered": 100.0, "percent_covered_display": "100", "missing_lines": 0, "excluded_lines": 0, "percent_statements_covered": 100.0, "percent_statements_covered_display": "100"}, "missing_lines": [], "excluded_lines": [], "start_line": 133}, "TemperatureSearchStrategy._create_top_p_variant": {"executed_lines": [164, 166, 167, 168, 169, 170, 171, 173, 174, 175, 176, 177, 179, 180, 181, 182, 183, 186], "summary": {"covered_lines": 18, "num_statements": 18, "percent_covered": 100.0, "percent_covered_display": "100", "missing_lines": 0, "excluded_lines": 0, "percent_statements_covered": 100.0, "percent_statements_covered_display": "100"}, "missing_lines": [], "excluded_lines": [], "start_line": 157}, "TemperatureSearchStrategy._create_combined_variant": {"executed_lines": [196, 198, 199, 200, 202, 203, 206, 207, 209, 210, 212, 213, 214, 215, 216, 217, 221], "summary": {"covered_lines": 17, "num_statements": 17, "percent_covered": 100.0, "percent_covered_display": "100", "missing_lines": 0, "excluded_lines": 0, "percent_statements_covered": 100.0, "percent_statements_covered_display": "100"}, "missing_lines": [], "excluded_lines": [], "start_line": 188}, "TemperatureSearchStrategy.generate_variants": {"executed_lines": [227, 228, 229, 230, 233, 234, 236, 237, 239, 240, 243, 244, 247, 249], "summary": {"covered_lines": 14, "num_statements": 14, "percent_covered": 100.0, "percent_covered_display": "100", "missing_lines": 0, "excluded_lines": 0, "percent_statements_covered": 100.0, "percent_statements_covered_display": "100"}, "missing_lines": [], "excluded_lines": [], "start_line": 223}, "TemperatureSearchStrategy.is_applicable": {"executed_lines": [267, 276], "summary": {"covered_lines": 2, "num_statements": 2, "percent_covered": 100.0, "percent_covered_display": "100", "missing_lines": 0, "excluded_lines": 0, "percent_statements_covered": 100.0, "percent_statements_covered_display": "100"}, "missing_lines": [], "excluded_lines": [], "start_line": 251}, "TemperatureSearchStrategy.estimate_impact": {"executed_lines": [291, 296, 298, 308], "summary": {"covered_lines": 4, "num_statements": 5, "percent_covered": 80.0, "percent_covered_display": "80", "missing_lines": 1, "excluded_lines": 0, "percent_statements_covered": 80.0, "percent_statements_covered_display": "80"}, "missing_lines": [293], "excluded_lines": [], "start_line": 278}, "TemperatureSearchStrategy._infer_problem_type": {"executed_lines": [320, 321, 324, 325, 326, 327, 328, 329, 330, 331, 332, 333, 335], "summary": {"covered_lines": 13, "num_statements": 13, "percent_covered": 100.0, "percent_covered_display": "100", "missing_lines": 0, "excluded_lines": 0, "percent_statements_covered": 100.0, "percent_statements_covered_display": "100"}, "missing_lines": [], "excluded_lines": [], "start_line": 310}, "": {"executed_lines": [7, 8, 10, 11, 18, 19, 20, 21, 22, 25, 26, 29, 30, 31, 34, 37, 38, 41, 42, 43, 44, 45, 46, 47, 48, 51, 52, 53, 56, 57, 60, 61, 62, 63, 64, 65, 66, 67, 70, 92, 93, 94, 97, 98, 99, 102, 103, 104, 106, 107, 111, 133, 157, 188, 223, 251, 278, 310], "summary": {"covered_lines": 58, "num_statements": 58, "percent_covered": 100.0, "percent_covered_display": "100", "missing_lines": 0, "excluded_lines": 0, "percent_statements_covered": 100.0, "percent_statements_covered_display": "100"}, "missing_lines": [], "excluded_lines": [], "start_line": 1}}, "classes": {"TemperatureSearchStrategy": {"executed_lines": [109, 117, 118, 120, 124, 125, 126, 127, 128, 131, 140, 141, 142, 144, 148, 149, 150, 151, 152, 155, 164, 166, 167, 168, 169, 170, 171, 173, 174, 175, 176, 177, 179, 180, 181, 182, 183, 186, 196, 198, 199, 200, 202, 203, 206, 207, 209, 210, 212, 213, 214, 215, 216, 217, 221, 227, 228, 229, 230, 233, 234, 236, 237, 239, 240, 243, 244, 247, 249, 267, 276, 291, 296, 298, 308, 320, 321, 324, 325, 326, 327, 328, 329, 330, 331, 332, 333, 335], "summary": {"covered_lines": 88, "num_statements": 89, "percent_covered": 98.87640449438203, "percent_covered_display": "99", "missing_lines": 1, "excluded_lines": 0, "percent_statements_covered": 98.87640449438203, "percent_statements_covered_display": "99"}, "missing_lines": [293], "excluded_lines": [], "start_line": 70}, "": {"executed_lines": [7, 8, 10, 11, 18, 19, 20, 21, 22, 25, 26, 29, 30, 31, 34, 37, 38, 41, 42, 43, 44, 45, 46, 47, 48, 51, 52, 53, 56, 57, 60, 61, 62, 63, 64, 65, 66, 67, 70, 92, 93, 94, 97, 98, 99, 102, 103, 104, 106, 107, 111, 133, 157, 188, 223, 251, 278, 310], "summary": {"covered_lines": 58, "num_statements": 58, "percent_covered": 100.0, "percent_covered_display": "100", "missing_lines": 0, "excluded_lines": 0, "percent_statements_covered": 100.0, "percent_statements_covered_display": "100"}, "missing_lines": [], "excluded_lines": [], "start_line": 1}}}, "src/self_improvement/strategy_learning.py": {"executed_lines": [6, 7, 8, 9, 11, 12, 13, 14, 16, 19, 60, 67, 68, 70, 72, 73, 94, 99, 104, 109, 111, 118, 119, 146, 151, 172, 177, 179, 180, 181, 183, 184, 185, 186, 188, 190, 191, 192, 194, 196, 198, 223, 227, 228, 229, 238, 240, 241, 242, 243, 245, 247, 248, 250, 251, 253, 270, 277, 279, 280, 281, 283, 284, 285, 286, 288, 290, 291, 293, 295, 312, 313, 315, 316, 317, 319, 320, 321, 322, 324, 325, 327, 329], "summary": {"covered_lines": 83, "num_statements": 83, "percent_covered": 100.0, "percent_covered_display": "100", "missing_lines": 0, "excluded_lines": 0, "percent_statements_covered": 100.0, "percent_statements_covered_display": "100"}, "missing_lines": [], "excluded_lines": [], "functions": {"StrategyLearningStore.__init__": {"executed_lines": [67, 68], "summary": {"covered_lines": 2, "num_statements": 2, "percent_covered": 100.0, "percent_covered_display": "100", "missing_lines": 0, "excluded_lines": 0, "percent_statements_covered": 100.0, "percent_statements_covered_display": "100"}, "missing_lines": [], "excluded_lines": [], "start_line": 60}, "StrategyLearningStore._ensure_table_exists": {"executed_lines": [72, 73, 94, 99, 104, 109], "summary": {"covered_lines": 6, "num_statements": 6, "percent_covered": 100.0, "percent_covered_display": "100", "missing_lines": 0, "excluded_lines": 0, "percent_statements_covered": 100.0, "percent_statements_covered_display": "100"}, "missing_lines": [], "excluded_lines": [], "start_line": 70}, "StrategyLearningStore.record_outcome": {"executed_lines": [118, 119, 146], "summary": {"covered_lines": 3, "num_statements": 3, "percent_covered": 100.0, "percent_covered_display": "100", "missing_lines": 0, "excluded_lines": 0, "percent_statements_covered": 100.0, "percent_statements_covered_display": "100"}, "missing_lines": [], "excluded_lines": [], "start_line": 111}, "StrategyLearningStore.get_outcomes_for_strategy": {"executed_lines": [172, 177, 179, 180, 181, 183, 184, 185, 186, 188, 190, 191, 192, 194, 196], "summary": {"covered_lines": 15, "num_statements": 15, "percent_covered": 100.0, "percent_covered_display": "100", "missing_lines": 0, "excluded_lines": 0, "percent_statements_covered": 100.0, "percent_statements_covered_display": "100"}, "missing_lines": [], "excluded_lines": [], "start_line": 151}, "StrategyLearningStore.get_average_improvement": {"executed_lines": [223, 227, 228, 229, 238, 240, 241, 242, 243, 245, 247, 248, 250, 251], "summary": {"covered_lines": 14, "num_statements": 14, "percent_covered": 100.0, "percent_covered_display": "100", "missing_lines": 0, "excluded_lines": 0, "percent_statements_covered": 100.0, "percent_statements_covered_display": "100"}, "missing_lines": [], "excluded_lines": [], "start_line": 198}, "StrategyLearningStore.get_win_rate": {"executed_lines": [270, 277, 279, 280, 281, 283, 284, 285, 286, 288, 290, 291, 293], "summary": {"covered_lines": 13, "num_statements": 13, "percent_covered": 100.0, "percent_covered_display": "100", "missing_lines": 0, "excluded_lines": 0, "percent_statements_covered": 100.0, "percent_statements_covered_display": "100"}, "missing_lines": [], "excluded_lines": [], "start_line": 253}, "StrategyLearningStore.get_sample_count": {"executed_lines": [312, 313, 315, 316, 317, 319, 320, 321, 322, 324, 325], "summary": {"covered_lines": 11, "num_statements": 11, "percent_covered": 100.0, "percent_covered_display": "100", "missing_lines": 0, "excluded_lines": 0, "percent_statements_covered": 100.0, "percent_statements_covered_display": "100"}, "missing_lines": [], "excluded_lines": [], "start_line": 295}, "StrategyLearningStore._row_to_outcome": {"executed_lines": [329], "summary": {"covered_lines": 1, "num_statements": 1, "percent_covered": 100.0, "percent_covered_display": "100", "missing_lines": 0, "excluded_lines": 0, "percent_statements_covered": 100.0, "percent_statements_covered_display": "100"}, "missing_lines": [], "excluded_lines": [], "start_line": 327}, "": {"executed_lines": [6, 7, 8, 9, 11, 12, 13, 14, 16, 19, 60, 70, 111, 151, 198, 253, 295, 327], "summary": {"covered_lines": 18, "num_statements": 18, "percent_covered": 100.0, "percent_covered_display": "100", "missing_lines": 0, "excluded_lines": 0, "percent_statements_covered": 100.0, "percent_statements_covered_display": "100"}, "missing_lines": [], "excluded_lines": [], "start_line": 1}}, "classes": {"StrategyLearningStore": {"executed_lines": [67, 68, 72, 73, 94, 99, 104, 109, 118, 119, 146, 172, 177, 179, 180, 181, 183, 184, 185, 186, 188, 190, 191, 192, 194, 196, 223, 227, 228, 229, 238, 240, 241, 242, 243, 245, 247, 248, 250, 251, 270, 277, 279, 280, 281, 283, 284, 285, 286, 288, 290, 291, 293, 312, 313, 315, 316, 317, 319, 320, 321, 322, 324, 325, 329], "summary": {"covered_lines": 65, "num_statements": 65, "percent_covered": 100.0, "percent_covered_display": "100", "missing_lines": 0, "excluded_lines": 0, "percent_statements_covered": 100.0, "percent_statements_covered_display": "100"}, "missing_lines": [], "excluded_lines": [], "start_line": 19}, "": {"executed_lines": [6, 7, 8, 9, 11, 12, 13, 14, 16, 19, 60, 70, 111, 151, 198, 253, 295, 327], "summary": {"covered_lines": 18, "num_statements": 18, "percent_covered": 100.0, "percent_covered_display": "100", "missing_lines": 0, "excluded_lines": 0, "percent_statements_covered": 100.0, "percent_statements_covered_display": "100"}, "missing_lines": [], "excluded_lines": [], "start_line": 1}}}}, "totals": {"covered_lines": 4043, "num_statements": 4312, "percent_covered": 93.76159554730984, "percent_covered_display": "94", "missing_lines": 269, "excluded_lines": 6, "percent_statements_covered": 93.76159554730984, "percent_statements_covered_display": "94"}}